Copyright 1986-2019 Xilinx, Inc. All Rights Reserved.
-------------------------------------------------------------------------------------------------------------------------------
| Tool Version     : Vivado v.2019.2.1 (lin64) Build 2729669 Thu Dec  5 04:48:12 MST 2019
| Date             : Sun May  3 04:30:16 2020
| Host             : Manjaro-Envy running 64-bit Manjaro Linux
| Command          : report_power -file VGA_power_routed.rpt -pb VGA_power_summary_routed.pb -rpx VGA_power_routed.rpx
| Design           : VGA
| Device           : xc7a35tcpg236-1
| Design State     : routed
| Grade            : commercial
| Process          : typical
| Characterization : Production
-------------------------------------------------------------------------------------------------------------------------------

Power Report

Table of Contents
-----------------
1. Summary
1.1 On-Chip Components
1.2 Power Supply Summary
1.3 Confidence Level
2. Settings
2.1 Environment
2.2 Clock Constraints
3. Detailed Reports
3.1 By Hierarchy

1. Summary
----------

+--------------------------+--------------+
| Total On-Chip Power (W)  | 0.197        |
| Design Power Budget (W)  | Unspecified* |
| Power Budget Margin (W)  | NA           |
| Dynamic (W)              | 0.125        |
| Device Static (W)        | 0.072        |
| Effective TJA (C/W)      | 5.0          |
| Max Ambient (C)          | 84.0         |
| Junction Temperature (C) | 26.0         |
| Confidence Level         | Medium       |
| Setting File             | ---          |
| Simulation Activity File | ---          |
| Design Nets Matched      | NA           |
+--------------------------+--------------+
* Specify Design Power Budget using, set_operating_conditions -design_power_budget <value in Watts>


1.1 On-Chip Components
----------------------

+----------------+-----------+----------+-----------+-----------------+
| On-Chip        | Power (W) | Used     | Available | Utilization (%) |
+----------------+-----------+----------+-----------+-----------------+
| Clocks         |     0.001 |        5 |       --- |             --- |
| Slice Logic    |    <0.001 |      271 |       --- |             --- |
|   LUT as Logic |    <0.001 |      121 |     20800 |            0.58 |
|   CARRY4       |    <0.001 |       14 |      8150 |            0.17 |
|   Register     |    <0.001 |       88 |     41600 |            0.21 |
|   F7/F8 Muxes  |    <0.001 |        2 |     32600 |           <0.01 |
|   Others       |     0.000 |        8 |       --- |             --- |
| Signals        |    <0.001 |      157 |       --- |             --- |
| MMCM           |     0.123 |        1 |         5 |           20.00 |
| I/O            |    <0.001 |        6 |       106 |            5.66 |
| Static Power   |     0.072 |          |           |                 |
| Total          |     0.197 |          |           |                 |
+----------------+-----------+----------+-----------+-----------------+


1.2 Power Supply Summary
------------------------

+-----------+-------------+-----------+-------------+------------+-------------+------------+
| Source    | Voltage (V) | Total (A) | Dynamic (A) | Static (A) | Budget (A)  | Margin (A) |
+-----------+-------------+-----------+-------------+------------+-------------+------------+
| Vccint    |       1.000 |     0.012 |       0.002 |      0.010 | Unspecified | NA         |
| Vccaux    |       1.800 |     0.081 |       0.068 |      0.013 | Unspecified | NA         |
| Vcco33    |       3.300 |     0.001 |       0.000 |      0.001 | Unspecified | NA         |
| Vcco25    |       2.500 |     0.000 |       0.000 |      0.000 | Unspecified | NA         |
| Vcco18    |       1.800 |     0.000 |       0.000 |      0.000 | Unspecified | NA         |
| Vcco15    |       1.500 |     0.000 |       0.000 |      0.000 | Unspecified | NA         |
| Vcco135   |       1.350 |     0.000 |       0.000 |      0.000 | Unspecified | NA         |
| Vcco12    |       1.200 |     0.000 |       0.000 |      0.000 | Unspecified | NA         |
| Vccaux_io |       1.800 |     0.000 |       0.000 |      0.000 | Unspecified | NA         |
| Vccbram   |       1.000 |     0.000 |       0.000 |      0.000 | Unspecified | NA         |
| MGTAVcc   |       1.000 |     0.000 |       0.000 |      0.000 | Unspecified | NA         |
| MGTAVtt   |       1.200 |     0.000 |       0.000 |      0.000 | Unspecified | NA         |
| Vccadc    |       1.800 |     0.020 |       0.000 |      0.020 | Unspecified | NA         |
+-----------+-------------+-----------+-------------+------------+-------------+------------+


1.3 Confidence Level
--------------------

+-----------------------------+------------+------------------------------------------------+------------------------------------------------------------------------------------------------------------+
| User Input Data             | Confidence | Details                                        | Action                                                                                                     |
+-----------------------------+------------+------------------------------------------------+------------------------------------------------------------------------------------------------------------+
| Design implementation state | High       | Design is routed                               |                                                                                                            |
| Clock nodes activity        | High       | User specified more than 95% of clocks         |                                                                                                            |
| I/O nodes activity          | High       | User specified more than 95% of inputs         |                                                                                                            |
| Internal nodes activity     | Medium     | User specified less than 25% of internal nodes | Provide missing internal nodes activity with simulation results or by editing the "By Resource Type" views |
| Device models               | High       | Device models are Production                   |                                                                                                            |
|                             |            |                                                |                                                                                                            |
| Overall confidence level    | Medium     |                                                |                                                                                                            |
+-----------------------------+------------+------------------------------------------------+------------------------------------------------------------------------------------------------------------+


2. Settings
-----------

2.1 Environment
---------------

+-----------------------+--------------------------+
| Ambient Temp (C)      | 25.0                     |
| ThetaJA (C/W)         | 5.0                      |
| Airflow (LFM)         | 250                      |
| Heat Sink             | medium (Medium Profile)  |
| ThetaSA (C/W)         | 4.6                      |
| Board Selection       | medium (10"x10")         |
| # of Board Layers     | 12to15 (12 to 15 Layers) |
| Board Temperature (C) | 25.0                     |
+-----------------------+--------------------------+


2.2 Clock Constraints
---------------------

+--------------------+-----------------------------------+-----------------+
| Clock              | Domain                            | Constraint (ns) |
+--------------------+-----------------------------------+-----------------+
| clk_out1_clk_wiz_0 | clok_108Mhz/U0/clk_out1_clk_wiz_0 |             9.3 |
| clkfbout_clk_wiz_0 | clok_108Mhz/U0/clkfbout_clk_wiz_0 |            10.0 |
| sys_clk_pin        | clk                               |            10.0 |
+--------------------+-----------------------------------+-----------------+


3. Detailed Reports
-------------------

3.1 By Hierarchy
----------------

+---------------+-----------+
| Name          | Power (W) |
+---------------+-----------+
| VGA           |     0.125 |
|   clok_108Mhz |     0.124 |
|     U0        |     0.124 |
+---------------+-----------+


