
*** Running vivado
    with args -log VGA.vds -m64 -product Vivado -mode batch -messageDb vivado.pb -notrace -source VGA.tcl


****** Vivado v2019.2.1 (64-bit)
  **** SW Build 2729669 on Thu Dec  5 04:48:12 MST 2019
  **** IP Build 2729494 on Thu Dec  5 07:38:25 MST 2019
    ** Copyright 1986-2019 Xilinx, Inc. All Rights Reserved.

source VGA.tcl -notrace
Command: synth_design -top VGA -part xc7a35tcpg236-1
Starting synth_design
Attempting to get a license for feature 'Synthesis' and/or device 'xc7a35t'
INFO: [Common 17-349] Got license for feature 'Synthesis' and/or device 'xc7a35t'
INFO: [Device 21-403] Loading part xc7a35tcpg236-1
INFO: Launching helper process for spawning children vivado processes
INFO: Helper process launched with PID 27624 
---------------------------------------------------------------------------------
Starting RTL Elaboration : Time (s): cpu = 00:00:05 ; elapsed = 00:00:07 . Memory (MB): peak = 2033.590 ; gain = 203.719 ; free physical = 5644 ; free virtual = 49994
---------------------------------------------------------------------------------
INFO: [Synth 8-638] synthesizing module 'VGA' [/run/media/fnavarro/DATA/Git/6to/Tecnicas_Digitales_IV/Practicos/Trabajo_Practico_2/VGA/VGA.srcs/sources_1/new/VGA.vhd:27]
INFO: [Synth 8-638] synthesizing module 'clk_wiz_0' [/run/media/fnavarro/DATA/Git/6to/Tecnicas_Digitales_IV/Practicos/Trabajo_Practico_2/VGA/VGA.srcs/sources_1/new/clk_wiz_0.vhd:96]
INFO: [Synth 8-3491] module 'clk_wiz_0_clk_wiz' declared at '/run/media/fnavarro/DATA/Git/6to/Tecnicas_Digitales_IV/Practicos/Trabajo_Practico_2/VGA/VGA.srcs/sources_1/new/clk_wiz_0_clk_wiz.vhd:87' bound to instance 'U0' of component 'clk_wiz_0_clk_wiz' [/run/media/fnavarro/DATA/Git/6to/Tecnicas_Digitales_IV/Practicos/Trabajo_Practico_2/VGA/VGA.srcs/sources_1/new/clk_wiz_0.vhd:111]
INFO: [Synth 8-638] synthesizing module 'clk_wiz_0_clk_wiz' [/run/media/fnavarro/DATA/Git/6to/Tecnicas_Digitales_IV/Practicos/Trabajo_Practico_2/VGA/VGA.srcs/sources_1/new/clk_wiz_0_clk_wiz.vhd:96]
	Parameter BANDWIDTH bound to: OPTIMIZED - type: string 
	Parameter CLKFBOUT_MULT_F bound to: 10.125000 - type: double 
	Parameter CLKFBOUT_PHASE bound to: 0.000000 - type: double 
	Parameter CLKFBOUT_USE_FINE_PS bound to: 0 - type: bool 
	Parameter CLKIN1_PERIOD bound to: 10.000000 - type: double 
	Parameter CLKIN2_PERIOD bound to: 0.000000 - type: double 
	Parameter CLKOUT0_DIVIDE_F bound to: 9.375000 - type: double 
	Parameter CLKOUT0_DUTY_CYCLE bound to: 0.500000 - type: double 
	Parameter CLKOUT0_PHASE bound to: 0.000000 - type: double 
	Parameter CLKOUT0_USE_FINE_PS bound to: 0 - type: bool 
	Parameter CLKOUT1_DIVIDE bound to: 1 - type: integer 
	Parameter CLKOUT1_DUTY_CYCLE bound to: 0.500000 - type: double 
	Parameter CLKOUT1_PHASE bound to: 0.000000 - type: double 
	Parameter CLKOUT1_USE_FINE_PS bound to: 0 - type: bool 
	Parameter CLKOUT2_DIVIDE bound to: 1 - type: integer 
	Parameter CLKOUT2_DUTY_CYCLE bound to: 0.500000 - type: double 
	Parameter CLKOUT2_PHASE bound to: 0.000000 - type: double 
	Parameter CLKOUT2_USE_FINE_PS bound to: 0 - type: bool 
	Parameter CLKOUT3_DIVIDE bound to: 1 - type: integer 
	Parameter CLKOUT3_DUTY_CYCLE bound to: 0.500000 - type: double 
	Parameter CLKOUT3_PHASE bound to: 0.000000 - type: double 
	Parameter CLKOUT3_USE_FINE_PS bound to: 0 - type: bool 
	Parameter CLKOUT4_CASCADE bound to: 0 - type: bool 
	Parameter CLKOUT4_DIVIDE bound to: 1 - type: integer 
	Parameter CLKOUT4_DUTY_CYCLE bound to: 0.500000 - type: double 
	Parameter CLKOUT4_PHASE bound to: 0.000000 - type: double 
	Parameter CLKOUT4_USE_FINE_PS bound to: 0 - type: bool 
	Parameter CLKOUT5_DIVIDE bound to: 1 - type: integer 
	Parameter CLKOUT5_DUTY_CYCLE bound to: 0.500000 - type: double 
	Parameter CLKOUT5_PHASE bound to: 0.000000 - type: double 
	Parameter CLKOUT5_USE_FINE_PS bound to: 0 - type: bool 
	Parameter CLKOUT6_DIVIDE bound to: 1 - type: integer 
	Parameter CLKOUT6_DUTY_CYCLE bound to: 0.500000 - type: double 
	Parameter CLKOUT6_PHASE bound to: 0.000000 - type: double 
	Parameter CLKOUT6_USE_FINE_PS bound to: 0 - type: bool 
	Parameter COMPENSATION bound to: ZHOLD - type: string 
	Parameter DIVCLK_DIVIDE bound to: 1 - type: integer 
	Parameter IS_CLKINSEL_INVERTED bound to: 1'b0 
	Parameter IS_PSEN_INVERTED bound to: 1'b0 
	Parameter IS_PSINCDEC_INVERTED bound to: 1'b0 
	Parameter IS_PWRDWN_INVERTED bound to: 1'b0 
	Parameter IS_RST_INVERTED bound to: 1'b0 
	Parameter REF_JITTER1 bound to: 0.010000 - type: double 
	Parameter REF_JITTER2 bound to: 0.000000 - type: double 
	Parameter SS_EN bound to: FALSE - type: string 
	Parameter SS_MODE bound to: CENTER_HIGH - type: string 
	Parameter SS_MOD_PERIOD bound to: 10000 - type: integer 
	Parameter STARTUP_WAIT bound to: 0 - type: bool 
INFO: [Synth 8-113] binding component instance 'mmcm_adv_inst' to cell 'MMCME2_ADV' [/run/media/fnavarro/DATA/Git/6to/Tecnicas_Digitales_IV/Practicos/Trabajo_Practico_2/VGA/VGA.srcs/sources_1/new/clk_wiz_0_clk_wiz.vhd:138]
INFO: [Synth 8-113] binding component instance 'clkf_buf' to cell 'BUFG' [/run/media/fnavarro/DATA/Git/6to/Tecnicas_Digitales_IV/Practicos/Trabajo_Practico_2/VGA/VGA.srcs/sources_1/new/clk_wiz_0_clk_wiz.vhd:200]
INFO: [Synth 8-113] binding component instance 'clkout1_buf' to cell 'BUFG' [/run/media/fnavarro/DATA/Git/6to/Tecnicas_Digitales_IV/Practicos/Trabajo_Practico_2/VGA/VGA.srcs/sources_1/new/clk_wiz_0_clk_wiz.vhd:207]
INFO: [Synth 8-256] done synthesizing module 'clk_wiz_0_clk_wiz' (1#1) [/run/media/fnavarro/DATA/Git/6to/Tecnicas_Digitales_IV/Practicos/Trabajo_Practico_2/VGA/VGA.srcs/sources_1/new/clk_wiz_0_clk_wiz.vhd:96]
INFO: [Synth 8-256] done synthesizing module 'clk_wiz_0' (2#1) [/run/media/fnavarro/DATA/Git/6to/Tecnicas_Digitales_IV/Practicos/Trabajo_Practico_2/VGA/VGA.srcs/sources_1/new/clk_wiz_0.vhd:96]
INFO: [Synth 8-638] synthesizing module 'vga_sync' [/run/media/fnavarro/DATA/Git/6to/Tecnicas_Digitales_IV/Practicos/Trabajo_Practico_2/VGA/VGA.srcs/sources_1/new/vga_sync.vhd:27]
INFO: [Synth 8-256] done synthesizing module 'vga_sync' (3#1) [/run/media/fnavarro/DATA/Git/6to/Tecnicas_Digitales_IV/Practicos/Trabajo_Practico_2/VGA/VGA.srcs/sources_1/new/vga_sync.vhd:27]
INFO: [Synth 8-638] synthesizing module 'graphic_unit' [/run/media/fnavarro/DATA/Git/6to/Tecnicas_Digitales_IV/Practicos/Trabajo_Practico_2/VGA/VGA.srcs/sources_1/new/graphic_unit.vhd:29]
INFO: [Synth 8-256] done synthesizing module 'graphic_unit' (4#1) [/run/media/fnavarro/DATA/Git/6to/Tecnicas_Digitales_IV/Practicos/Trabajo_Practico_2/VGA/VGA.srcs/sources_1/new/graphic_unit.vhd:29]
INFO: [Synth 8-256] done synthesizing module 'VGA' (5#1) [/run/media/fnavarro/DATA/Git/6to/Tecnicas_Digitales_IV/Practicos/Trabajo_Practico_2/VGA/VGA.srcs/sources_1/new/VGA.vhd:27]
---------------------------------------------------------------------------------
Finished RTL Elaboration : Time (s): cpu = 00:00:06 ; elapsed = 00:00:09 . Memory (MB): peak = 2095.340 ; gain = 265.469 ; free physical = 5678 ; free virtual = 50032
---------------------------------------------------------------------------------

Report Check Netlist: 
+------+------------------+-------+---------+-------+------------------+
|      |Item              |Errors |Warnings |Status |Description       |
+------+------------------+-------+---------+-------+------------------+
|1     |multi_driven_nets |      0|        0|Passed |Multi driven nets |
+------+------------------+-------+---------+-------+------------------+
---------------------------------------------------------------------------------
Start Handling Custom Attributes
---------------------------------------------------------------------------------
---------------------------------------------------------------------------------
Finished Handling Custom Attributes : Time (s): cpu = 00:00:07 ; elapsed = 00:00:09 . Memory (MB): peak = 2098.309 ; gain = 268.438 ; free physical = 5676 ; free virtual = 50031
---------------------------------------------------------------------------------
---------------------------------------------------------------------------------
Finished RTL Optimization Phase 1 : Time (s): cpu = 00:00:07 ; elapsed = 00:00:09 . Memory (MB): peak = 2098.309 ; gain = 268.438 ; free physical = 5677 ; free virtual = 50032
---------------------------------------------------------------------------------
Netlist sorting complete. Time (s): cpu = 00:00:00 ; elapsed = 00:00:00.03 . Memory (MB): peak = 2104.246 ; gain = 0.000 ; free physical = 5671 ; free virtual = 50026
INFO: [Netlist 29-17] Analyzing 1 Unisim elements for replacement
INFO: [Netlist 29-28] Unisim Transformation completed in 0 CPU seconds
INFO: [Project 1-570] Preparing netlist for logic optimization

Processing XDC Constraints
Initializing timing engine
Parsing XDC File [/run/media/fnavarro/DATA/Git/6to/Tecnicas_Digitales_IV/Practicos/Trabajo_Practico_2/VGA/VGA.srcs/constrs_1/new/basys3.xdc]
Finished Parsing XDC File [/run/media/fnavarro/DATA/Git/6to/Tecnicas_Digitales_IV/Practicos/Trabajo_Practico_2/VGA/VGA.srcs/constrs_1/new/basys3.xdc]
INFO: [Project 1-236] Implementation specific constraints were found while reading constraint file [/run/media/fnavarro/DATA/Git/6to/Tecnicas_Digitales_IV/Practicos/Trabajo_Practico_2/VGA/VGA.srcs/constrs_1/new/basys3.xdc]. These constraints will be ignored for synthesis but will be used in implementation. Impacted constraints are listed in the file [.Xil/VGA_propImpl.xdc].
Resolution: To avoid this warning, move constraints listed in [.Xil/VGA_propImpl.xdc] to another XDC file and exclude this new file from synthesis with the used_in_synthesis property (File Properties dialog in GUI) and re-run elaboration/synthesis.
INFO: [Timing 38-2] Deriving generated clocks
Completed Processing XDC Constraints

Netlist sorting complete. Time (s): cpu = 00:00:00 ; elapsed = 00:00:00 . Memory (MB): peak = 2262.059 ; gain = 0.000 ; free physical = 5569 ; free virtual = 49941
INFO: [Project 1-111] Unisim Transformation Summary:
No Unisim elements were transformed.

Constraint Validation Runtime : Time (s): cpu = 00:00:00 ; elapsed = 00:00:00 . Memory (MB): peak = 2262.059 ; gain = 0.000 ; free physical = 5569 ; free virtual = 49941
---------------------------------------------------------------------------------
Finished Constraint Validation : Time (s): cpu = 00:00:13 ; elapsed = 00:00:19 . Memory (MB): peak = 2262.059 ; gain = 432.188 ; free physical = 5621 ; free virtual = 50003
---------------------------------------------------------------------------------
---------------------------------------------------------------------------------
Start Loading Part and Timing Information
---------------------------------------------------------------------------------
Loading part: xc7a35tcpg236-1
---------------------------------------------------------------------------------
Finished Loading Part and Timing Information : Time (s): cpu = 00:00:13 ; elapsed = 00:00:19 . Memory (MB): peak = 2262.059 ; gain = 432.188 ; free physical = 5622 ; free virtual = 50003
---------------------------------------------------------------------------------
---------------------------------------------------------------------------------
Start Applying 'set_property' XDC Constraints
---------------------------------------------------------------------------------
---------------------------------------------------------------------------------
Finished applying 'set_property' XDC Constraints : Time (s): cpu = 00:00:13 ; elapsed = 00:00:19 . Memory (MB): peak = 2262.059 ; gain = 432.188 ; free physical = 5622 ; free virtual = 50003
---------------------------------------------------------------------------------
INFO: [Synth 8-5544] ROM "BALL_ROM[0]" won't be mapped to Block RAM because address size (4) smaller than threshold (5)
WARNING: [Synth 8-327] inferring latch for variable 'rgb_s_reg' [/run/media/fnavarro/DATA/Git/6to/Tecnicas_Digitales_IV/Practicos/Trabajo_Practico_2/VGA/VGA.srcs/sources_1/new/graphic_unit.vhd:271]
---------------------------------------------------------------------------------
Finished RTL Optimization Phase 2 : Time (s): cpu = 00:00:14 ; elapsed = 00:00:19 . Memory (MB): peak = 2262.059 ; gain = 432.188 ; free physical = 5612 ; free virtual = 49996
---------------------------------------------------------------------------------

Report RTL Partitions: 
+-+--------------+------------+----------+
| |RTL Partition |Replication |Instances |
+-+--------------+------------+----------+
+-+--------------+------------+----------+
---------------------------------------------------------------------------------
Start RTL Component Statistics 
---------------------------------------------------------------------------------
Detailed RTL Component Info : 
+---Adders : 
	   2 Input     11 Bit       Adders := 6     
	   3 Input      4 Bit       Adders := 2     
+---Registers : 
	               11 Bit    Registers := 8     
	                3 Bit    Registers := 3     
	                1 Bit    Registers := 4     
+---Muxes : 
	   2 Input     11 Bit        Muxes := 2     
	   6 Input      3 Bit        Muxes := 1     
	   2 Input      3 Bit        Muxes := 4     
	   2 Input      2 Bit        Muxes := 2     
	   2 Input      1 Bit        Muxes := 2     
---------------------------------------------------------------------------------
Finished RTL Component Statistics 
---------------------------------------------------------------------------------
---------------------------------------------------------------------------------
Start RTL Hierarchical Component Statistics 
---------------------------------------------------------------------------------
Hierarchical RTL Component report 
Module vga_sync 
Detailed RTL Component Info : 
+---Adders : 
	   2 Input     11 Bit       Adders := 2     
+---Registers : 
	               11 Bit    Registers := 4     
	                1 Bit    Registers := 4     
Module graphic_unit 
Detailed RTL Component Info : 
+---Adders : 
	   2 Input     11 Bit       Adders := 4     
	   3 Input      4 Bit       Adders := 2     
+---Registers : 
	               11 Bit    Registers := 4     
	                3 Bit    Registers := 3     
+---Muxes : 
	   2 Input     11 Bit        Muxes := 2     
	   6 Input      3 Bit        Muxes := 1     
	   2 Input      3 Bit        Muxes := 4     
	   2 Input      2 Bit        Muxes := 2     
	   2 Input      1 Bit        Muxes := 2     
---------------------------------------------------------------------------------
Finished RTL Hierarchical Component Statistics
---------------------------------------------------------------------------------
---------------------------------------------------------------------------------
Start Part Resource Summary
---------------------------------------------------------------------------------
Part Resources:
DSPs: 90 (col length:60)
BRAMs: 100 (col length: RAMB18 60 RAMB36 30)
---------------------------------------------------------------------------------
Finished Part Resource Summary
---------------------------------------------------------------------------------
---------------------------------------------------------------------------------
Start Cross Boundary and Area Optimization
---------------------------------------------------------------------------------
Warning: Parallel synthesis criteria is not met 
INFO: [Synth 8-3333] propagating constant 1 across sequential element (\graphic_circuit/delta_y_reg_reg[0] )
INFO: [Synth 8-3886] merging instance 'graphic_circuit/delta_y_reg_reg[1]' (FDCE) to 'graphic_circuit/delta_y_reg_reg[3]'
INFO: [Synth 8-3886] merging instance 'graphic_circuit/delta_y_reg_reg[3]' (FDCE) to 'graphic_circuit/delta_y_reg_reg[4]'
INFO: [Synth 8-3886] merging instance 'graphic_circuit/delta_y_reg_reg[4]' (FDCE) to 'graphic_circuit/delta_y_reg_reg[5]'
INFO: [Synth 8-3886] merging instance 'graphic_circuit/delta_y_reg_reg[5]' (FDCE) to 'graphic_circuit/delta_y_reg_reg[6]'
INFO: [Synth 8-3886] merging instance 'graphic_circuit/delta_y_reg_reg[6]' (FDCE) to 'graphic_circuit/delta_y_reg_reg[7]'
INFO: [Synth 8-3886] merging instance 'graphic_circuit/delta_y_reg_reg[7]' (FDCE) to 'graphic_circuit/delta_y_reg_reg[8]'
INFO: [Synth 8-3886] merging instance 'graphic_circuit/delta_y_reg_reg[8]' (FDCE) to 'graphic_circuit/delta_y_reg_reg[9]'
INFO: [Synth 8-3886] merging instance 'graphic_circuit/delta_y_reg_reg[9]' (FDCE) to 'graphic_circuit/delta_y_reg_reg[10]'
INFO: [Synth 8-3333] propagating constant 1 across sequential element (\graphic_circuit/delta_x_reg_reg[0] )
INFO: [Synth 8-3886] merging instance 'graphic_circuit/delta_x_reg_reg[1]' (FDCE) to 'graphic_circuit/delta_x_reg_reg[3]'
INFO: [Synth 8-3886] merging instance 'graphic_circuit/delta_x_reg_reg[3]' (FDCE) to 'graphic_circuit/delta_x_reg_reg[4]'
INFO: [Synth 8-3886] merging instance 'graphic_circuit/delta_x_reg_reg[4]' (FDCE) to 'graphic_circuit/delta_x_reg_reg[5]'
INFO: [Synth 8-3886] merging instance 'graphic_circuit/delta_x_reg_reg[5]' (FDCE) to 'graphic_circuit/delta_x_reg_reg[6]'
INFO: [Synth 8-3886] merging instance 'graphic_circuit/delta_x_reg_reg[6]' (FDCE) to 'graphic_circuit/delta_x_reg_reg[7]'
INFO: [Synth 8-3886] merging instance 'graphic_circuit/delta_x_reg_reg[7]' (FDCE) to 'graphic_circuit/delta_x_reg_reg[8]'
INFO: [Synth 8-3886] merging instance 'graphic_circuit/delta_x_reg_reg[8]' (FDCE) to 'graphic_circuit/delta_x_reg_reg[9]'
INFO: [Synth 8-3886] merging instance 'graphic_circuit/delta_x_reg_reg[9]' (FDCE) to 'graphic_circuit/delta_x_reg_reg[10]'
---------------------------------------------------------------------------------
Finished Cross Boundary and Area Optimization : Time (s): cpu = 00:00:16 ; elapsed = 00:00:21 . Memory (MB): peak = 2262.059 ; gain = 432.188 ; free physical = 5591 ; free virtual = 49983
---------------------------------------------------------------------------------

Report RTL Partitions: 
+-+--------------+------------+----------+
| |RTL Partition |Replication |Instances |
+-+--------------+------------+----------+
+-+--------------+------------+----------+
---------------------------------------------------------------------------------
Start Applying XDC Timing Constraints
---------------------------------------------------------------------------------
---------------------------------------------------------------------------------
Finished Applying XDC Timing Constraints : Time (s): cpu = 00:00:22 ; elapsed = 00:00:30 . Memory (MB): peak = 2262.059 ; gain = 432.188 ; free physical = 5476 ; free virtual = 49866
---------------------------------------------------------------------------------
---------------------------------------------------------------------------------
Start Timing Optimization
---------------------------------------------------------------------------------
---------------------------------------------------------------------------------
Finished Timing Optimization : Time (s): cpu = 00:00:24 ; elapsed = 00:00:31 . Memory (MB): peak = 2262.059 ; gain = 432.188 ; free physical = 5469 ; free virtual = 49859
---------------------------------------------------------------------------------

Report RTL Partitions: 
+-+--------------+------------+----------+
| |RTL Partition |Replication |Instances |
+-+--------------+------------+----------+
+-+--------------+------------+----------+
---------------------------------------------------------------------------------
Start Technology Mapping
---------------------------------------------------------------------------------
---------------------------------------------------------------------------------
Finished Technology Mapping : Time (s): cpu = 00:00:24 ; elapsed = 00:00:31 . Memory (MB): peak = 2262.059 ; gain = 432.188 ; free physical = 5467 ; free virtual = 49858
---------------------------------------------------------------------------------

Report RTL Partitions: 
+-+--------------+------------+----------+
| |RTL Partition |Replication |Instances |
+-+--------------+------------+----------+
+-+--------------+------------+----------+
---------------------------------------------------------------------------------
Start IO Insertion
---------------------------------------------------------------------------------
---------------------------------------------------------------------------------
Start Flattening Before IO Insertion
---------------------------------------------------------------------------------
---------------------------------------------------------------------------------
Finished Flattening Before IO Insertion
---------------------------------------------------------------------------------
---------------------------------------------------------------------------------
Start Final Netlist Cleanup
---------------------------------------------------------------------------------
---------------------------------------------------------------------------------
Finished Final Netlist Cleanup
---------------------------------------------------------------------------------
---------------------------------------------------------------------------------
Finished IO Insertion : Time (s): cpu = 00:00:27 ; elapsed = 00:00:35 . Memory (MB): peak = 2262.059 ; gain = 432.188 ; free physical = 5462 ; free virtual = 49856
---------------------------------------------------------------------------------
---------------------------------------------------------------------------------
Start Renaming Generated Instances
---------------------------------------------------------------------------------
---------------------------------------------------------------------------------
Finished Renaming Generated Instances : Time (s): cpu = 00:00:27 ; elapsed = 00:00:35 . Memory (MB): peak = 2262.059 ; gain = 432.188 ; free physical = 5462 ; free virtual = 49856
---------------------------------------------------------------------------------

Report RTL Partitions: 
+-+--------------+------------+----------+
| |RTL Partition |Replication |Instances |
+-+--------------+------------+----------+
+-+--------------+------------+----------+

Report Check Netlist: 
+------+------------------+-------+---------+-------+------------------+
|      |Item              |Errors |Warnings |Status |Description       |
+------+------------------+-------+---------+-------+------------------+
|1     |multi_driven_nets |      0|        0|Passed |Multi driven nets |
+------+------------------+-------+---------+-------+------------------+
---------------------------------------------------------------------------------
Start Rebuilding User Hierarchy
---------------------------------------------------------------------------------
---------------------------------------------------------------------------------
Finished Rebuilding User Hierarchy : Time (s): cpu = 00:00:27 ; elapsed = 00:00:35 . Memory (MB): peak = 2262.059 ; gain = 432.188 ; free physical = 5459 ; free virtual = 49853
---------------------------------------------------------------------------------
---------------------------------------------------------------------------------
Start Renaming Generated Ports
---------------------------------------------------------------------------------
---------------------------------------------------------------------------------
Finished Renaming Generated Ports : Time (s): cpu = 00:00:27 ; elapsed = 00:00:35 . Memory (MB): peak = 2262.059 ; gain = 432.188 ; free physical = 5459 ; free virtual = 49853
---------------------------------------------------------------------------------
---------------------------------------------------------------------------------
Start Handling Custom Attributes
---------------------------------------------------------------------------------
---------------------------------------------------------------------------------
Finished Handling Custom Attributes : Time (s): cpu = 00:00:27 ; elapsed = 00:00:35 . Memory (MB): peak = 2262.059 ; gain = 432.188 ; free physical = 5459 ; free virtual = 49853
---------------------------------------------------------------------------------
---------------------------------------------------------------------------------
Start Renaming Generated Nets
---------------------------------------------------------------------------------
---------------------------------------------------------------------------------
Finished Renaming Generated Nets : Time (s): cpu = 00:00:27 ; elapsed = 00:00:35 . Memory (MB): peak = 2262.059 ; gain = 432.188 ; free physical = 5459 ; free virtual = 49853
---------------------------------------------------------------------------------
---------------------------------------------------------------------------------
Start Writing Synthesis Report
---------------------------------------------------------------------------------

Report BlackBoxes: 
+-+--------------+----------+
| |BlackBox name |Instances |
+-+--------------+----------+
+-+--------------+----------+

Report Cell Usage: 
+------+-----------+------+
|      |Cell       |Count |
+------+-----------+------+
|1     |BUFG       |     2|
|2     |CARRY4     |    14|
|3     |LUT1       |     4|
|4     |LUT2       |    37|
|5     |LUT3       |     8|
|6     |LUT4       |    51|
|7     |LUT5       |    34|
|8     |LUT6       |    49|
|9     |MMCME2_ADV |     1|
|10    |MUXF7      |     4|
|11    |FDCE       |    48|
|12    |FDPE       |     2|
|13    |FDRE       |    33|
|14    |LD         |     3|
|15    |IBUF       |     4|
|16    |OBUF       |     5|
+------+-----------+------+

Report Instance Areas: 
+------+------------------+------------------+------+
|      |Instance          |Module            |Cells |
+------+------------------+------------------+------+
|1     |top               |                  |   299|
|2     |  clok_108Mhz     |clk_wiz_0         |     3|
|3     |    U0            |clk_wiz_0_clk_wiz |     3|
|4     |  graphic_circuit |graphic_unit      |   121|
|5     |  vga_sync_unit   |vga_sync          |   166|
+------+------------------+------------------+------+
---------------------------------------------------------------------------------
Finished Writing Synthesis Report : Time (s): cpu = 00:00:28 ; elapsed = 00:00:35 . Memory (MB): peak = 2262.059 ; gain = 432.188 ; free physical = 5459 ; free virtual = 49853
---------------------------------------------------------------------------------
Synthesis finished with 0 errors, 0 critical warnings and 1 warnings.
Synthesis Optimization Runtime : Time (s): cpu = 00:00:25 ; elapsed = 00:00:31 . Memory (MB): peak = 2262.059 ; gain = 268.438 ; free physical = 5512 ; free virtual = 49906
Synthesis Optimization Complete : Time (s): cpu = 00:00:28 ; elapsed = 00:00:35 . Memory (MB): peak = 2262.059 ; gain = 432.188 ; free physical = 5512 ; free virtual = 49906
INFO: [Project 1-571] Translating synthesized netlist
Netlist sorting complete. Time (s): cpu = 00:00:00.01 ; elapsed = 00:00:00.01 . Memory (MB): peak = 2262.059 ; gain = 0.000 ; free physical = 5515 ; free virtual = 49910
INFO: [Netlist 29-17] Analyzing 22 Unisim elements for replacement
INFO: [Netlist 29-28] Unisim Transformation completed in 0 CPU seconds
INFO: [Project 1-570] Preparing netlist for logic optimization
INFO: [Opt 31-138] Pushed 0 inverter(s) to 0 load pin(s).
Netlist sorting complete. Time (s): cpu = 00:00:00 ; elapsed = 00:00:00 . Memory (MB): peak = 2262.059 ; gain = 0.000 ; free physical = 5538 ; free virtual = 49922
INFO: [Project 1-111] Unisim Transformation Summary:
  A total of 3 instances were transformed.
  LD => LDCE: 3 instances

INFO: [Common 17-83] Releasing license: Synthesis
48 Infos, 1 Warnings, 0 Critical Warnings and 0 Errors encountered.
synth_design completed successfully
synth_design: Time (s): cpu = 00:00:36 ; elapsed = 00:00:52 . Memory (MB): peak = 2262.059 ; gain = 683.133 ; free physical = 5687 ; free virtual = 50063
Netlist sorting complete. Time (s): cpu = 00:00:00 ; elapsed = 00:00:00 . Memory (MB): peak = 2262.059 ; gain = 0.000 ; free physical = 5687 ; free virtual = 50063
WARNING: [Constraints 18-5210] No constraints selected for write.
Resolution: This message can indicate that there are no constraints for the design, or it can indicate that the used_in flags are set such that the constraints are ignored. This later case is used when running synth_design to not write synthesis constraints to the resulting checkpoint. Instead, project constraints are read when the synthesized design is opened.
INFO: [Common 17-1381] The checkpoint '/run/media/fnavarro/DATA/Git/6to/Tecnicas_Digitales_IV/Practicos/Trabajo_Practico_2/VGA/VGA.runs/synth_1/VGA.dcp' has been generated.
INFO: [runtcl-4] Executing : report_utilization -file VGA_utilization_synth.rpt -pb VGA_utilization_synth.pb
INFO: [Common 17-206] Exiting Vivado at Sat Jun  6 17:45:06 2020...
