\BOOKMARK [1][-]{section.1}{Introducci\363n}{}% 1
\BOOKMARK [1][-]{section.2}{Marco Te\363rico}{}% 2
\BOOKMARK [2][-]{subsection.2.1}{Encoder}{section.2}% 3
\BOOKMARK [3][-]{subsubsection.2.1.1}{Encoder Absoluto}{subsection.2.1}% 4
\BOOKMARK [3][-]{subsubsection.2.1.2}{Encoder Incremental}{subsection.2.1}% 5
\BOOKMARK [3][-]{subsubsection.2.1.3}{Encoder en cuadratura}{subsection.2.1}% 6
\BOOKMARK [1][-]{section.3}{Control de lazo cerrado en posici\363n de un motor C.C.}{}% 7
\BOOKMARK [2][-]{subsection.3.1}{Consigna}{section.3}% 8
\BOOKMARK [2][-]{subsection.3.2}{Modificaciones}{section.3}% 9
\BOOKMARK [2][-]{subsection.3.3}{Desarrollo}{section.3}% 10
\BOOKMARK [3][-]{subsubsection.3.3.1}{Estructura del proyecto}{subsection.3.3}% 11
\BOOKMARK [3][-]{subsubsection.3.3.2}{Debouncer}{subsection.3.3}% 12
\BOOKMARK [3][-]{subsubsection.3.3.3}{Divisor de frecuencia y multiplexado de displays}{subsection.3.3}% 13
\BOOKMARK [3][-]{subsubsection.3.3.4}{Decodificador de cuadratura}{subsection.3.3}% 14
\BOOKMARK [3][-]{subsubsection.3.3.5}{Contador 0 - 5759}{subsection.3.3}% 15
\BOOKMARK [3][-]{subsubsection.3.3.6}{PWM}{subsection.3.3}% 16
\BOOKMARK [4][-]{paragraph.3.3.6.1}{Frecuencia del PWM}{subsubsection.3.3.6}% 17
\BOOKMARK [3][-]{subsubsection.3.3.7}{Simulaciones}{subsection.3.3}% 18
\BOOKMARK [3][-]{subsubsection.3.3.8}{Multimedia}{subsection.3.3}% 19
\BOOKMARK [1][-]{section.4}{Control de lazo de velocidad de un motor C.C.}{}% 20
\BOOKMARK [1][-]{section.5}{Control de motor paso a paso de velocidad a lazo abierto con rampa de aceleraci\363n y desale raci\363n parametrizable}{}% 21
