Command line:
   tb_quadrature_decoder_isim_beh.exe
     -simmode  gui
     -simrunnum  0
     -socket  46017

Tue Apr 28 17:21:39 2020


 Elaboration Time: 0.05 sec

 Current Memory Usage: 193.724 Meg

 Total Signals          : 36
 Total Nets             : 20
 Total Signal Drivers   : 18
 Total Blocks           : 5
 Total Primitive Blocks : 4
 Total Processes        : 13
 Total Traceable Variables  : 9
 Total Scalar Nets and Variables : 381
Total Line Count : 135
Total Line Count : 135

 Total Simulation Time: 0.11 sec

 Current Memory Usage: 269.226 Meg

Tue Apr 28 17:38:29 2020

