
*** Running vivado
    with args -log oe_counter.vds -m64 -product Vivado -mode batch -messageDb vivado.pb -notrace -source oe_counter.tcl


****** Vivado v2019.2.1 (64-bit)
  **** SW Build 2729669 on Thu Dec  5 04:48:12 MST 2019
  **** IP Build 2729494 on Thu Dec  5 07:38:25 MST 2019
    ** Copyright 1986-2019 Xilinx, Inc. All Rights Reserved.

source oe_counter.tcl -notrace
Command: synth_design -top oe_counter -part xc7a35tcpg236-1
Starting synth_design
Attempting to get a license for feature 'Synthesis' and/or device 'xc7a35t'
INFO: [Common 17-349] Got license for feature 'Synthesis' and/or device 'xc7a35t'
INFO: [Device 21-403] Loading part xc7a35tcpg236-1
INFO: Launching helper process for spawning children vivado processes
INFO: Helper process launched with PID 94120 
---------------------------------------------------------------------------------
Starting RTL Elaboration : Time (s): cpu = 00:00:05 ; elapsed = 00:00:06 . Memory (MB): peak = 1833.395 ; gain = 202.688 ; free physical = 6818 ; free virtual = 51559
---------------------------------------------------------------------------------
INFO: [Synth 8-638] synthesizing module 'oe_counter' [/run/media/fnavarro/DATA/6to/Tecnicas_Digitales_IV/Practicos/Entrenamiento/PE_7/PE_7.srcs/sources_1/new/oe_counter.vhd:31]
INFO: [Synth 8-638] synthesizing module 'mod_m_counter' [/run/media/fnavarro/DATA/6to/Tecnicas_Digitales_IV/Practicos/Entrenamiento/PE_7/PE_7.srcs/sources_1/new/mod_m_counter.vhd:32]
	Parameter M bound to: 50000000 - type: integer 
	Parameter N bound to: 26 - type: integer 
INFO: [Synth 8-256] done synthesizing module 'mod_m_counter' (1#1) [/run/media/fnavarro/DATA/6to/Tecnicas_Digitales_IV/Practicos/Entrenamiento/PE_7/PE_7.srcs/sources_1/new/mod_m_counter.vhd:32]
INFO: [Synth 8-638] synthesizing module 'jk_ff' [/run/media/fnavarro/DATA/6to/Tecnicas_Digitales_IV/Practicos/Entrenamiento/PE_7/PE_7.srcs/sources_1/new/jk_ff.vhd:29]
INFO: [Synth 8-256] done synthesizing module 'jk_ff' (2#1) [/run/media/fnavarro/DATA/6to/Tecnicas_Digitales_IV/Practicos/Entrenamiento/PE_7/PE_7.srcs/sources_1/new/jk_ff.vhd:29]
INFO: [Synth 8-638] synthesizing module 'mux2' [/run/media/fnavarro/DATA/6to/Tecnicas_Digitales_IV/Practicos/Entrenamiento/PE_7/PE_7.srcs/sources_1/new/mux2.vhd:27]
INFO: [Synth 8-256] done synthesizing module 'mux2' (3#1) [/run/media/fnavarro/DATA/6to/Tecnicas_Digitales_IV/Practicos/Entrenamiento/PE_7/PE_7.srcs/sources_1/new/mux2.vhd:27]
INFO: [Synth 8-638] synthesizing module 'xil_defaultlib_and2' [/run/media/fnavarro/DATA/6to/Tecnicas_Digitales_IV/Practicos/Entrenamiento/PE_7/PE_7.srcs/sources_1/new/and2.vhd:26]
INFO: [Synth 8-256] done synthesizing module 'xil_defaultlib_and2' (4#1) [/run/media/fnavarro/DATA/6to/Tecnicas_Digitales_IV/Practicos/Entrenamiento/PE_7/PE_7.srcs/sources_1/new/and2.vhd:26]
INFO: [Synth 8-638] synthesizing module 'bin2sseg' [/run/media/fnavarro/DATA/6to/Tecnicas_Digitales_IV/Practicos/Entrenamiento/PE_7/PE_7.srcs/sources_1/new/bin2sseg.vhd:28]
INFO: [Synth 8-256] done synthesizing module 'bin2sseg' (5#1) [/run/media/fnavarro/DATA/6to/Tecnicas_Digitales_IV/Practicos/Entrenamiento/PE_7/PE_7.srcs/sources_1/new/bin2sseg.vhd:28]
INFO: [Synth 8-256] done synthesizing module 'oe_counter' (6#1) [/run/media/fnavarro/DATA/6to/Tecnicas_Digitales_IV/Practicos/Entrenamiento/PE_7/PE_7.srcs/sources_1/new/oe_counter.vhd:31]
---------------------------------------------------------------------------------
Finished RTL Elaboration : Time (s): cpu = 00:00:06 ; elapsed = 00:00:08 . Memory (MB): peak = 1896.145 ; gain = 265.438 ; free physical = 6851 ; free virtual = 51594
---------------------------------------------------------------------------------

Report Check Netlist: 
+------+------------------+-------+---------+-------+------------------+
|      |Item              |Errors |Warnings |Status |Description       |
+------+------------------+-------+---------+-------+------------------+
|1     |multi_driven_nets |      0|        0|Passed |Multi driven nets |
+------+------------------+-------+---------+-------+------------------+
---------------------------------------------------------------------------------
Start Handling Custom Attributes
---------------------------------------------------------------------------------
---------------------------------------------------------------------------------
Finished Handling Custom Attributes : Time (s): cpu = 00:00:07 ; elapsed = 00:00:09 . Memory (MB): peak = 1896.145 ; gain = 265.438 ; free physical = 6846 ; free virtual = 51589
---------------------------------------------------------------------------------
---------------------------------------------------------------------------------
Finished RTL Optimization Phase 1 : Time (s): cpu = 00:00:07 ; elapsed = 00:00:09 . Memory (MB): peak = 1896.145 ; gain = 265.438 ; free physical = 6846 ; free virtual = 51589
---------------------------------------------------------------------------------
Netlist sorting complete. Time (s): cpu = 00:00:00.01 ; elapsed = 00:00:00.01 . Memory (MB): peak = 1896.145 ; gain = 0.000 ; free physical = 6840 ; free virtual = 51584
INFO: [Project 1-570] Preparing netlist for logic optimization

Processing XDC Constraints
Initializing timing engine
Parsing XDC File [/run/media/fnavarro/DATA/6to/Tecnicas_Digitales_IV/Practicos/Entrenamiento/PE_7/PE_7.srcs/constrs_1/new/basys3.xdc]
Finished Parsing XDC File [/run/media/fnavarro/DATA/6to/Tecnicas_Digitales_IV/Practicos/Entrenamiento/PE_7/PE_7.srcs/constrs_1/new/basys3.xdc]
INFO: [Project 1-236] Implementation specific constraints were found while reading constraint file [/run/media/fnavarro/DATA/6to/Tecnicas_Digitales_IV/Practicos/Entrenamiento/PE_7/PE_7.srcs/constrs_1/new/basys3.xdc]. These constraints will be ignored for synthesis but will be used in implementation. Impacted constraints are listed in the file [.Xil/oe_counter_propImpl.xdc].
Resolution: To avoid this warning, move constraints listed in [.Xil/oe_counter_propImpl.xdc] to another XDC file and exclude this new file from synthesis with the used_in_synthesis property (File Properties dialog in GUI) and re-run elaboration/synthesis.
Completed Processing XDC Constraints

Netlist sorting complete. Time (s): cpu = 00:00:00 ; elapsed = 00:00:00 . Memory (MB): peak = 2042.926 ; gain = 0.000 ; free physical = 6755 ; free virtual = 51499
INFO: [Project 1-111] Unisim Transformation Summary:
No Unisim elements were transformed.

Constraint Validation Runtime : Time (s): cpu = 00:00:00 ; elapsed = 00:00:00 . Memory (MB): peak = 2042.926 ; gain = 0.000 ; free physical = 6756 ; free virtual = 51500
---------------------------------------------------------------------------------
Finished Constraint Validation : Time (s): cpu = 00:00:14 ; elapsed = 00:00:17 . Memory (MB): peak = 2042.926 ; gain = 412.219 ; free physical = 6812 ; free virtual = 51552
---------------------------------------------------------------------------------
---------------------------------------------------------------------------------
Start Loading Part and Timing Information
---------------------------------------------------------------------------------
Loading part: xc7a35tcpg236-1
---------------------------------------------------------------------------------
Finished Loading Part and Timing Information : Time (s): cpu = 00:00:14 ; elapsed = 00:00:17 . Memory (MB): peak = 2042.926 ; gain = 412.219 ; free physical = 6812 ; free virtual = 51552
---------------------------------------------------------------------------------
---------------------------------------------------------------------------------
Start Applying 'set_property' XDC Constraints
---------------------------------------------------------------------------------
---------------------------------------------------------------------------------
Finished applying 'set_property' XDC Constraints : Time (s): cpu = 00:00:14 ; elapsed = 00:00:17 . Memory (MB): peak = 2042.926 ; gain = 412.219 ; free physical = 6812 ; free virtual = 51552
---------------------------------------------------------------------------------
---------------------------------------------------------------------------------
Finished RTL Optimization Phase 2 : Time (s): cpu = 00:00:14 ; elapsed = 00:00:18 . Memory (MB): peak = 2042.926 ; gain = 412.219 ; free physical = 6802 ; free virtual = 51546
---------------------------------------------------------------------------------
INFO: [Synth 8-223] decloning instance 'mux2' (mux2) to 'mux3'
INFO: [Synth 8-223] decloning instance 'mux4' (mux2) to 'mux5'

Report RTL Partitions: 
+-+--------------+------------+----------+
| |RTL Partition |Replication |Instances |
+-+--------------+------------+----------+
+-+--------------+------------+----------+
---------------------------------------------------------------------------------
Start RTL Component Statistics 
---------------------------------------------------------------------------------
Detailed RTL Component Info : 
+---Adders : 
	   2 Input     26 Bit       Adders := 1     
+---Registers : 
	               26 Bit    Registers := 1     
	                1 Bit    Registers := 3     
+---Muxes : 
	   2 Input     26 Bit        Muxes := 1     
	   2 Input      4 Bit        Muxes := 1     
	   2 Input      1 Bit        Muxes := 10    
	   4 Input      1 Bit        Muxes := 6     
---------------------------------------------------------------------------------
Finished RTL Component Statistics 
---------------------------------------------------------------------------------
---------------------------------------------------------------------------------
Start RTL Hierarchical Component Statistics 
---------------------------------------------------------------------------------
Hierarchical RTL Component report 
Module mod_m_counter 
Detailed RTL Component Info : 
+---Adders : 
	   2 Input     26 Bit       Adders := 1     
+---Registers : 
	               26 Bit    Registers := 1     
+---Muxes : 
	   2 Input     26 Bit        Muxes := 1     
Module jk_ff 
Detailed RTL Component Info : 
+---Registers : 
	                1 Bit    Registers := 1     
+---Muxes : 
	   2 Input      1 Bit        Muxes := 2     
	   4 Input      1 Bit        Muxes := 2     
Module mux2 
Detailed RTL Component Info : 
+---Muxes : 
	   2 Input      1 Bit        Muxes := 1     
Module bin2sseg 
Detailed RTL Component Info : 
+---Muxes : 
	   2 Input      4 Bit        Muxes := 1     
---------------------------------------------------------------------------------
Finished RTL Hierarchical Component Statistics
---------------------------------------------------------------------------------
---------------------------------------------------------------------------------
Start Part Resource Summary
---------------------------------------------------------------------------------
Part Resources:
DSPs: 90 (col length:60)
BRAMs: 100 (col length: RAMB18 60 RAMB36 30)
---------------------------------------------------------------------------------
Finished Part Resource Summary
---------------------------------------------------------------------------------
---------------------------------------------------------------------------------
Start Cross Boundary and Area Optimization
---------------------------------------------------------------------------------
Warning: Parallel synthesis criteria is not met 
WARNING: [Synth 8-3917] design oe_counter has port an[3] driven by constant 1
WARNING: [Synth 8-3917] design oe_counter has port an[2] driven by constant 1
WARNING: [Synth 8-3917] design oe_counter has port an[1] driven by constant 1
---------------------------------------------------------------------------------
Finished Cross Boundary and Area Optimization : Time (s): cpu = 00:00:15 ; elapsed = 00:00:19 . Memory (MB): peak = 2042.926 ; gain = 412.219 ; free physical = 6793 ; free virtual = 51543
---------------------------------------------------------------------------------

Report RTL Partitions: 
+-+--------------+------------+----------+
| |RTL Partition |Replication |Instances |
+-+--------------+------------+----------+
+-+--------------+------------+----------+
---------------------------------------------------------------------------------
Start Applying XDC Timing Constraints
---------------------------------------------------------------------------------
---------------------------------------------------------------------------------
Finished Applying XDC Timing Constraints : Time (s): cpu = 00:00:22 ; elapsed = 00:00:27 . Memory (MB): peak = 2042.926 ; gain = 412.219 ; free physical = 6725 ; free virtual = 51400
---------------------------------------------------------------------------------
---------------------------------------------------------------------------------
Start Timing Optimization
---------------------------------------------------------------------------------
---------------------------------------------------------------------------------
Finished Timing Optimization : Time (s): cpu = 00:00:22 ; elapsed = 00:00:28 . Memory (MB): peak = 2042.926 ; gain = 412.219 ; free physical = 6721 ; free virtual = 51397
---------------------------------------------------------------------------------

Report RTL Partitions: 
+-+--------------+------------+----------+
| |RTL Partition |Replication |Instances |
+-+--------------+------------+----------+
+-+--------------+------------+----------+
---------------------------------------------------------------------------------
Start Technology Mapping
---------------------------------------------------------------------------------
---------------------------------------------------------------------------------
Finished Technology Mapping : Time (s): cpu = 00:00:22 ; elapsed = 00:00:28 . Memory (MB): peak = 2042.926 ; gain = 412.219 ; free physical = 6722 ; free virtual = 51397
---------------------------------------------------------------------------------

Report RTL Partitions: 
+-+--------------+------------+----------+
| |RTL Partition |Replication |Instances |
+-+--------------+------------+----------+
+-+--------------+------------+----------+
---------------------------------------------------------------------------------
Start IO Insertion
---------------------------------------------------------------------------------
---------------------------------------------------------------------------------
Start Flattening Before IO Insertion
---------------------------------------------------------------------------------
---------------------------------------------------------------------------------
Finished Flattening Before IO Insertion
---------------------------------------------------------------------------------
---------------------------------------------------------------------------------
Start Final Netlist Cleanup
---------------------------------------------------------------------------------
---------------------------------------------------------------------------------
Finished Final Netlist Cleanup
---------------------------------------------------------------------------------
---------------------------------------------------------------------------------
Finished IO Insertion : Time (s): cpu = 00:00:26 ; elapsed = 00:00:31 . Memory (MB): peak = 2042.926 ; gain = 412.219 ; free physical = 6734 ; free virtual = 51411
---------------------------------------------------------------------------------
---------------------------------------------------------------------------------
Start Renaming Generated Instances
---------------------------------------------------------------------------------
---------------------------------------------------------------------------------
Finished Renaming Generated Instances : Time (s): cpu = 00:00:26 ; elapsed = 00:00:31 . Memory (MB): peak = 2042.926 ; gain = 412.219 ; free physical = 6734 ; free virtual = 51411
---------------------------------------------------------------------------------

Report RTL Partitions: 
+-+--------------+------------+----------+
| |RTL Partition |Replication |Instances |
+-+--------------+------------+----------+
+-+--------------+------------+----------+

Report Check Netlist: 
+------+------------------+-------+---------+-------+------------------+
|      |Item              |Errors |Warnings |Status |Description       |
+------+------------------+-------+---------+-------+------------------+
|1     |multi_driven_nets |      0|        0|Passed |Multi driven nets |
+------+------------------+-------+---------+-------+------------------+
---------------------------------------------------------------------------------
Start Rebuilding User Hierarchy
---------------------------------------------------------------------------------
---------------------------------------------------------------------------------
Finished Rebuilding User Hierarchy : Time (s): cpu = 00:00:26 ; elapsed = 00:00:31 . Memory (MB): peak = 2042.926 ; gain = 412.219 ; free physical = 6734 ; free virtual = 51411
---------------------------------------------------------------------------------
---------------------------------------------------------------------------------
Start Renaming Generated Ports
---------------------------------------------------------------------------------
---------------------------------------------------------------------------------
Finished Renaming Generated Ports : Time (s): cpu = 00:00:26 ; elapsed = 00:00:31 . Memory (MB): peak = 2042.926 ; gain = 412.219 ; free physical = 6734 ; free virtual = 51411
---------------------------------------------------------------------------------
---------------------------------------------------------------------------------
Start Handling Custom Attributes
---------------------------------------------------------------------------------
---------------------------------------------------------------------------------
Finished Handling Custom Attributes : Time (s): cpu = 00:00:26 ; elapsed = 00:00:31 . Memory (MB): peak = 2042.926 ; gain = 412.219 ; free physical = 6734 ; free virtual = 51411
---------------------------------------------------------------------------------
---------------------------------------------------------------------------------
Start Renaming Generated Nets
---------------------------------------------------------------------------------
---------------------------------------------------------------------------------
Finished Renaming Generated Nets : Time (s): cpu = 00:00:26 ; elapsed = 00:00:31 . Memory (MB): peak = 2042.926 ; gain = 412.219 ; free physical = 6734 ; free virtual = 51411
---------------------------------------------------------------------------------
---------------------------------------------------------------------------------
Start Writing Synthesis Report
---------------------------------------------------------------------------------

Report BlackBoxes: 
+-+--------------+----------+
| |BlackBox name |Instances |
+-+--------------+----------+
+-+--------------+----------+

Report Cell Usage: 
+------+-------+------+
|      |Cell   |Count |
+------+-------+------+
|1     |BUFG   |     1|
|2     |CARRY4 |     7|
|3     |LUT1   |     2|
|4     |LUT2   |    25|
|5     |LUT3   |     7|
|6     |LUT4   |     6|
|7     |LUT5   |     1|
|8     |LUT6   |     3|
|9     |FDCE   |    26|
|10    |FDRE   |     3|
|11    |IBUF   |     4|
|12    |OBUF   |    11|
+------+-------+------+

Report Instance Areas: 
+------+------------------+--------------+------+
|      |Instance          |Module        |Cells |
+------+------------------+--------------+------+
|1     |top               |              |    96|
|2     |  ff0             |jk_ff         |     7|
|3     |  ff1             |jk_ff_0       |     3|
|4     |  ff2             |jk_ff_1       |     3|
|5     |  one_seg_counter |mod_m_counter |    66|
+------+------------------+--------------+------+
---------------------------------------------------------------------------------
Finished Writing Synthesis Report : Time (s): cpu = 00:00:26 ; elapsed = 00:00:31 . Memory (MB): peak = 2042.926 ; gain = 412.219 ; free physical = 6734 ; free virtual = 51411
---------------------------------------------------------------------------------
Synthesis finished with 0 errors, 0 critical warnings and 3 warnings.
Synthesis Optimization Runtime : Time (s): cpu = 00:00:24 ; elapsed = 00:00:29 . Memory (MB): peak = 2042.926 ; gain = 265.438 ; free physical = 6786 ; free virtual = 51464
Synthesis Optimization Complete : Time (s): cpu = 00:00:26 ; elapsed = 00:00:31 . Memory (MB): peak = 2042.926 ; gain = 412.219 ; free physical = 6787 ; free virtual = 51464
INFO: [Project 1-571] Translating synthesized netlist
Netlist sorting complete. Time (s): cpu = 00:00:00.01 ; elapsed = 00:00:00 . Memory (MB): peak = 2042.926 ; gain = 0.000 ; free physical = 6856 ; free virtual = 51533
INFO: [Netlist 29-17] Analyzing 7 Unisim elements for replacement
INFO: [Netlist 29-28] Unisim Transformation completed in 0 CPU seconds
INFO: [Project 1-570] Preparing netlist for logic optimization
INFO: [Opt 31-138] Pushed 0 inverter(s) to 0 load pin(s).
Netlist sorting complete. Time (s): cpu = 00:00:00 ; elapsed = 00:00:00 . Memory (MB): peak = 2046.895 ; gain = 0.000 ; free physical = 6803 ; free virtual = 51480
INFO: [Project 1-111] Unisim Transformation Summary:
No Unisim elements were transformed.

INFO: [Common 17-83] Releasing license: Synthesis
26 Infos, 3 Warnings, 0 Critical Warnings and 0 Errors encountered.
synth_design completed successfully
synth_design: Time (s): cpu = 00:00:35 ; elapsed = 00:00:48 . Memory (MB): peak = 2046.895 ; gain = 610.258 ; free physical = 6931 ; free virtual = 51612
Netlist sorting complete. Time (s): cpu = 00:00:00 ; elapsed = 00:00:00 . Memory (MB): peak = 2046.895 ; gain = 0.000 ; free physical = 6932 ; free virtual = 51612
WARNING: [Constraints 18-5210] No constraints selected for write.
Resolution: This message can indicate that there are no constraints for the design, or it can indicate that the used_in flags are set such that the constraints are ignored. This later case is used when running synth_design to not write synthesis constraints to the resulting checkpoint. Instead, project constraints are read when the synthesized design is opened.
INFO: [Common 17-1381] The checkpoint '/run/media/fnavarro/DATA/6to/Tecnicas_Digitales_IV/Practicos/Entrenamiento/PE_7/PE_7.runs/synth_1/oe_counter.dcp' has been generated.
INFO: [runtcl-4] Executing : report_utilization -file oe_counter_utilization_synth.rpt -pb oe_counter_utilization_synth.pb
INFO: [Common 17-206] Exiting Vivado at Thu Apr 23 00:25:52 2020...
