Vivado Simulator 2019.2
Copyright 1986-1999, 2001-2019 Xilinx, Inc. All Rights Reserved.
Running: /opt/Xilinx/Vivado/2019.2/bin/unwrapped/lnx64.o/xelab -wto 95b8148bc8114d3e9ab5c535b2d22be9 --incr --debug typical --relax --mt 8 -L xil_defaultlib -L secureip --snapshot tb_VGA_behav xil_defaultlib.tb_VGA -log elaborate.log 
Using 8 slave threads.
Starting static elaboration
Completed static elaboration
Starting simulation data flow analysis
Completed simulation data flow analysis
Time Resolution for simulation is 1ps
Compiling package std.standard
Compiling package std.textio
Compiling package ieee.std_logic_1164
Compiling package ieee.std_logic_arith
Compiling package ieee.std_logic_unsigned
Compiling package ieee.numeric_std
Compiling package unisim.vcomponents
Compiling package ieee.std_logic_signed
Compiling package ieee.vital_timing
Compiling package ieee.vital_primitives
Compiling package unisim.vpkg
Compiling architecture mmcme2_adv_v of entity unisim.MMCME2_ADV [\MMCME2_ADV(clkfbout_mult_f=10.1...]
Compiling architecture bufg_v of entity unisim.BUFG [bufg_default]
Compiling architecture xilinx of entity xil_defaultlib.clk_wiz_0_clk_wiz [clk_wiz_0_clk_wiz_default]
Compiling architecture xilinx of entity xil_defaultlib.clk_wiz_0 [clk_wiz_0_default]
Compiling architecture arch of entity xil_defaultlib.vga_sync [vga_sync_default]
Compiling architecture arch of entity xil_defaultlib.graphic_unit [graphic_unit_default]
Compiling architecture arch of entity xil_defaultlib.VGA [vga_default]
Compiling architecture tb_arch of entity xil_defaultlib.tb_vga
Built simulation snapshot tb_VGA_behav
