#-----------------------------------------------------------
# Vivado v2019.2.1 (64-bit)
# SW Build 2729669 on Thu Dec  5 04:48:12 MST 2019
# IP Build 2729494 on Thu Dec  5 07:38:25 MST 2019
# Start of session at: Thu May 14 15:47:07 2020
# Process ID: 21784
# Current directory: /run/media/fnavarro/DATA/Git/6to/Tecnicas_Digitales_IV/Practicos/Trabajo_Practico_1
# Command line: vivado
# Log file: /run/media/fnavarro/DATA/Git/6to/Tecnicas_Digitales_IV/Practicos/Trabajo_Practico_1/vivado.log
# Journal file: /run/media/fnavarro/DATA/Git/6to/Tecnicas_Digitales_IV/Practicos/Trabajo_Practico_1/vivado.jou
#-----------------------------------------------------------
start_gui
open_project /run/media/fnavarro/DATA/Git/6to/Tecnicas_Digitales_IV/Practicos/Trabajo_Practico_1/TP1/TP1.xpr
Scanning sources...
Finished scanning sources
INFO: [IP_Flow 19-234] Refreshing IP repositories
INFO: [IP_Flow 19-1704] No user IP repositories specified
INFO: [IP_Flow 19-2313] Loaded Vivado IP repository '/opt/Xilinx/Vivado/2019.2/data/ip'.
open_project: Time (s): cpu = 00:00:18 ; elapsed = 00:00:08 . Memory (MB): peak = 6713.570 ; gain = 277.684 ; free physical = 8585 ; free virtual = 51837
update_compile_order -fileset sources_1
set_property SOURCE_SET sources_1 [get_filesets sim_1]
add_files -fileset sim_1 -norecurse /run/media/fnavarro/DATA/Git/6to/Tecnicas_Digitales_IV/Practicos/Trabajo_Practico_1/TP1/TP1.srcs/sources_1/new/disp_mux.vhd
update_compile_order -fileset sim_1
export_ip_user_files -of_objects  [get_files /run/media/fnavarro/DATA/Git/6to/Tecnicas_Digitales_IV/Practicos/Trabajo_Practico_1/TP1/TP1.srcs/sources_1/new/clkdiv.vhd] -no_script -reset -force -quiet
remove_files  /run/media/fnavarro/DATA/Git/6to/Tecnicas_Digitales_IV/Practicos/Trabajo_Practico_1/TP1/TP1.srcs/sources_1/new/clkdiv.vhd
add_files -norecurse /run/media/fnavarro/DATA/Git/6to/Tecnicas_Digitales_IV/Practicos/Trabajo_Practico_1/TP1/TP1.srcs/sources_1/new/clkdiv.vhd
update_compile_order -fileset sources_1
set_property SOURCE_SET sources_1 [get_filesets sim_1]
close [ open /run/media/fnavarro/DATA/Git/6to/Tecnicas_Digitales_IV/Practicos/Trabajo_Practico_1/TP1/TP1.srcs/sim_1/new/tb_mux.vhd w ]
add_files -fileset sim_1 /run/media/fnavarro/DATA/Git/6to/Tecnicas_Digitales_IV/Practicos/Trabajo_Practico_1/TP1/TP1.srcs/sim_1/new/tb_mux.vhd
update_compile_order -fileset sim_1
set_property top tb_mux [get_filesets sim_1]
set_property top_lib xil_defaultlib [get_filesets sim_1]
update_compile_order -fileset sim_1
update_compile_order -fileset sim_1
update_compile_order -fileset sim_1
launch_simulation
Command: launch_simulation 
INFO: [Vivado 12-5682] Launching behavioral simulation in '/run/media/fnavarro/DATA/Git/6to/Tecnicas_Digitales_IV/Practicos/Trabajo_Practico_1/TP1/TP1.sim/sim_1/behav/xsim'
INFO: [SIM-utils-51] Simulation object is 'sim_1'
INFO: [SIM-utils-54] Inspecting design source files for 'tb_mux' in fileset 'sim_1'...
INFO: [USF-XSim-97] Finding global include files...
INFO: [USF-XSim-98] Fetching design files from 'sim_1'...
INFO: [USF-XSim-2] XSim::Compile design
INFO: [USF-XSim-61] Executing 'COMPILE and ANALYZE' step in '/run/media/fnavarro/DATA/Git/6to/Tecnicas_Digitales_IV/Practicos/Trabajo_Practico_1/TP1/TP1.sim/sim_1/behav/xsim'
xvhdl --incr --relax -prj tb_mux_vhdl.prj
INFO: [VRFC 10-163] Analyzing VHDL file "/run/media/fnavarro/DATA/Git/6to/Tecnicas_Digitales_IV/Practicos/Trabajo_Practico_1/TP1/TP1.srcs/sources_1/new/disp_mux.vhd" into library xil_defaultlib
INFO: [VRFC 10-3107] analyzing entity 'disp_mux'
INFO: [VRFC 10-163] Analyzing VHDL file "/run/media/fnavarro/DATA/Git/6to/Tecnicas_Digitales_IV/Practicos/Trabajo_Practico_1/TP1/TP1.srcs/sim_1/new/tb_mux.vhd" into library xil_defaultlib
INFO: [VRFC 10-3107] analyzing entity 'tb_mux'
INFO: [USF-XSim-69] 'compile' step finished in '3' seconds
INFO: [USF-XSim-3] XSim::Elaborate design
INFO: [USF-XSim-61] Executing 'ELABORATE' step in '/run/media/fnavarro/DATA/Git/6to/Tecnicas_Digitales_IV/Practicos/Trabajo_Practico_1/TP1/TP1.sim/sim_1/behav/xsim'
xelab -wto cec3628a41294c55b2ca3e0e7e07050a --incr --debug typical --relax --mt 8 -L xil_defaultlib -L secureip --snapshot tb_mux_behav xil_defaultlib.tb_mux -log elaborate.log
Vivado Simulator 2019.2
Copyright 1986-1999, 2001-2019 Xilinx, Inc. All Rights Reserved.
Running: /opt/Xilinx/Vivado/2019.2/bin/unwrapped/lnx64.o/xelab -wto cec3628a41294c55b2ca3e0e7e07050a --incr --debug typical --relax --mt 8 -L xil_defaultlib -L secureip --snapshot tb_mux_behav xil_defaultlib.tb_mux -log elaborate.log 
Using 8 slave threads.
Starting static elaboration
Completed static elaboration
Starting simulation data flow analysis
Completed simulation data flow analysis
Time Resolution for simulation is 1ps
Compiling package std.standard
Compiling package std.textio
Compiling package ieee.std_logic_1164
Compiling package ieee.numeric_std
Compiling architecture arch of entity xil_defaultlib.bin2sseg [bin2sseg_default]
Compiling architecture arch of entity xil_defaultlib.disp_mux [disp_mux_default]
Compiling architecture tb_arch of entity xil_defaultlib.tb_mux
Built simulation snapshot tb_mux_behav

****** Webtalk v2019.2.1 (64-bit)
  **** SW Build 2729669 on Thu Dec  5 04:48:12 MST 2019
  **** IP Build 2729494 on Thu Dec  5 07:38:25 MST 2019
    ** Copyright 1986-2019 Xilinx, Inc. All Rights Reserved.

source /run/media/fnavarro/DATA/Git/6to/Tecnicas_Digitales_IV/Practicos/Trabajo_Practico_1/TP1/TP1.sim/sim_1/behav/xsim/xsim.dir/tb_mux_behav/webtalk/xsim_webtalk.tcl -notrace
INFO: [Common 17-186] '/run/media/fnavarro/DATA/Git/6to/Tecnicas_Digitales_IV/Practicos/Trabajo_Practico_1/TP1/TP1.sim/sim_1/behav/xsim/xsim.dir/tb_mux_behav/webtalk/usage_statistics_ext_xsim.xml' has been successfully sent to Xilinx on Thu May 14 16:00:19 2020. For additional details about this file, please refer to the WebTalk help file at /opt/Xilinx/Vivado/2019.2/doc/webtalk_introduction.html.
INFO: [Common 17-206] Exiting Webtalk at Thu May 14 16:00:19 2020...
run_program: Time (s): cpu = 00:00:04 ; elapsed = 00:00:11 . Memory (MB): peak = 7142.441 ; gain = 0.000 ; free physical = 8456 ; free virtual = 51849
INFO: [USF-XSim-69] 'elaborate' step finished in '11' seconds
INFO: [USF-XSim-4] XSim::Simulate design
INFO: [USF-XSim-61] Executing 'SIMULATE' step in '/run/media/fnavarro/DATA/Git/6to/Tecnicas_Digitales_IV/Practicos/Trabajo_Practico_1/TP1/TP1.sim/sim_1/behav/xsim'
INFO: [USF-XSim-98] *** Running xsim
   with args "tb_mux_behav -key {Behavioral:sim_1:Functional:tb_mux} -tclbatch {tb_mux.tcl} -view {/run/media/fnavarro/DATA/Git/6to/Tecnicas_Digitales_IV/Practicos/Trabajo_Practico_1/TP1/tb_1a_behav.wcfg} -log {simulate.log}"
INFO: [USF-XSim-8] Loading simulator feature
Vivado Simulator 2019.2
Time resolution is 1 ps
open_wave_config /run/media/fnavarro/DATA/Git/6to/Tecnicas_Digitales_IV/Practicos/Trabajo_Practico_1/TP1/tb_1a_behav.wcfg
WARNING: Simulation object /tb_1a/reset was not found in the design.
WARNING: Simulation object /tb_1a/clk was not found in the design.
WARNING: Simulation object /tb_1a/A was not found in the design.
WARNING: Simulation object /tb_1a/B was not found in the design.
WARNING: Simulation object /tb_1a/uut/up_s was not found in the design.
WARNING: Simulation object /tb_1a/uut/down_s was not found in the design.
WARNING: Simulation object /tb_1a/uut/up_down_ctr/r_reg was not found in the design.
WARNING: Simulation object /tb_1a/uut/up_down_ctr/d3 was not found in the design.
WARNING: Simulation object /tb_1a/uut/up_down_ctr/d2 was not found in the design.
WARNING: Simulation object /tb_1a/uut/up_down_ctr/d1 was not found in the design.
WARNING: Simulation object /tb_1a/uut/up_down_ctr/d0 was not found in the design.
source tb_mux.tcl
# set curr_wave [current_wave_config]
# if { [string length $curr_wave] == 0 } {
#   if { [llength [get_objects]] > 0} {
#     add_wave /
#     set_property needs_save false [current_wave_config]
#   } else {
#      send_msg_id Add_Wave-1 WARNING "No top level signals found. Simulator will start without a wave window. If you want to open a wave window go to 'File->New Waveform Configuration' or type 'create_wave_config' in the TCL console."
#   }
# }
# run 1000ns
INFO: [USF-XSim-96] XSim completed. Design snapshot 'tb_mux_behav' loaded.
INFO: [USF-XSim-97] XSim simulation ran for 1000ns
launch_simulation: Time (s): cpu = 00:00:14 ; elapsed = 00:00:18 . Memory (MB): peak = 7198.020 ; gain = 55.578 ; free physical = 8389 ; free virtual = 51793
restart
INFO: [Simtcl 6-17] Simulation restarted
run 200 ms
run 200 ms
close_sim
INFO: [Simtcl 6-16] Simulation closed
close_sim: Time (s): cpu = 00:00:06 ; elapsed = 00:00:06 . Memory (MB): peak = 7228.066 ; gain = 0.000 ; free physical = 8412 ; free virtual = 51822
launch_simulation
Command: launch_simulation 
INFO: [Vivado 12-5682] Launching behavioral simulation in '/run/media/fnavarro/DATA/Git/6to/Tecnicas_Digitales_IV/Practicos/Trabajo_Practico_1/TP1/TP1.sim/sim_1/behav/xsim'
INFO: [SIM-utils-51] Simulation object is 'sim_1'
INFO: [SIM-utils-54] Inspecting design source files for 'tb_mux' in fileset 'sim_1'...
INFO: [USF-XSim-97] Finding global include files...
INFO: [USF-XSim-98] Fetching design files from 'sim_1'...
INFO: [USF-XSim-2] XSim::Compile design
INFO: [USF-XSim-61] Executing 'COMPILE and ANALYZE' step in '/run/media/fnavarro/DATA/Git/6to/Tecnicas_Digitales_IV/Practicos/Trabajo_Practico_1/TP1/TP1.sim/sim_1/behav/xsim'
xvhdl --incr --relax -prj tb_mux_vhdl.prj
INFO: [USF-XSim-69] 'compile' step finished in '1' seconds
INFO: [USF-XSim-3] XSim::Elaborate design
INFO: [USF-XSim-61] Executing 'ELABORATE' step in '/run/media/fnavarro/DATA/Git/6to/Tecnicas_Digitales_IV/Practicos/Trabajo_Practico_1/TP1/TP1.sim/sim_1/behav/xsim'
xelab -wto cec3628a41294c55b2ca3e0e7e07050a --incr --debug typical --relax --mt 8 -L xil_defaultlib -L secureip --snapshot tb_mux_behav xil_defaultlib.tb_mux -log elaborate.log
Vivado Simulator 2019.2
Copyright 1986-1999, 2001-2019 Xilinx, Inc. All Rights Reserved.
Running: /opt/Xilinx/Vivado/2019.2/bin/unwrapped/lnx64.o/xelab -wto cec3628a41294c55b2ca3e0e7e07050a --incr --debug typical --relax --mt 8 -L xil_defaultlib -L secureip --snapshot tb_mux_behav xil_defaultlib.tb_mux -log elaborate.log 
Using 8 slave threads.
Starting static elaboration
Completed static elaboration
INFO: [XSIM 43-4323] No Change in HDL. Linking previously generated obj files to create kernel
INFO: [USF-XSim-69] 'elaborate' step finished in '2' seconds
INFO: [USF-XSim-4] XSim::Simulate design
INFO: [USF-XSim-61] Executing 'SIMULATE' step in '/run/media/fnavarro/DATA/Git/6to/Tecnicas_Digitales_IV/Practicos/Trabajo_Practico_1/TP1/TP1.sim/sim_1/behav/xsim'
INFO: [USF-XSim-98] *** Running xsim
   with args "tb_mux_behav -key {Behavioral:sim_1:Functional:tb_mux} -tclbatch {tb_mux.tcl} -view {/run/media/fnavarro/DATA/Git/6to/Tecnicas_Digitales_IV/Practicos/Trabajo_Practico_1/TP1/tb_1a_behav.wcfg} -log {simulate.log}"
INFO: [USF-XSim-8] Loading simulator feature
Vivado Simulator 2019.2
Time resolution is 1 ps
open_wave_config /run/media/fnavarro/DATA/Git/6to/Tecnicas_Digitales_IV/Practicos/Trabajo_Practico_1/TP1/tb_1a_behav.wcfg
WARNING: Simulation object /tb_1a/reset was not found in the design.
WARNING: Simulation object /tb_1a/clk was not found in the design.
WARNING: Simulation object /tb_1a/A was not found in the design.
WARNING: Simulation object /tb_1a/B was not found in the design.
WARNING: Simulation object /tb_1a/uut/up_s was not found in the design.
WARNING: Simulation object /tb_1a/uut/down_s was not found in the design.
WARNING: Simulation object /tb_1a/uut/up_down_ctr/r_reg was not found in the design.
WARNING: Simulation object /tb_1a/uut/up_down_ctr/d3 was not found in the design.
WARNING: Simulation object /tb_1a/uut/up_down_ctr/d2 was not found in the design.
WARNING: Simulation object /tb_1a/uut/up_down_ctr/d1 was not found in the design.
WARNING: Simulation object /tb_1a/uut/up_down_ctr/d0 was not found in the design.
source tb_mux.tcl
# set curr_wave [current_wave_config]
# if { [string length $curr_wave] == 0 } {
#   if { [llength [get_objects]] > 0} {
#     add_wave /
#     set_property needs_save false [current_wave_config]
#   } else {
#      send_msg_id Add_Wave-1 WARNING "No top level signals found. Simulator will start without a wave window. If you want to open a wave window go to 'File->New Waveform Configuration' or type 'create_wave_config' in the TCL console."
#   }
# }
# run 1000ns
INFO: [USF-XSim-96] XSim completed. Design snapshot 'tb_mux_behav' loaded.
INFO: [USF-XSim-97] XSim simulation ran for 1000ns
launch_simulation: Time (s): cpu = 00:00:06 ; elapsed = 00:00:05 . Memory (MB): peak = 7233.070 ; gain = 5.004 ; free physical = 8394 ; free virtual = 51807
restart
INFO: [Simtcl 6-17] Simulation restarted
run 200 ms
restart
INFO: [Simtcl 6-17] Simulation restarted
run 10 ms
update_compile_order -fileset sources_1
reset_run synth_1
launch_runs synth_1 -jobs 8
[Thu May 14 16:08:27 2020] Launched synth_1...
Run output will be captured here: /run/media/fnavarro/DATA/Git/6to/Tecnicas_Digitales_IV/Practicos/Trabajo_Practico_1/TP1/TP1.runs/synth_1/runme.log
launch_runs impl_1 -jobs 8
[Thu May 14 16:10:01 2020] Launched impl_1...
Run output will be captured here: /run/media/fnavarro/DATA/Git/6to/Tecnicas_Digitales_IV/Practicos/Trabajo_Practico_1/TP1/TP1.runs/impl_1/runme.log
WARNING: [filemgmt 56-199] Attempt to get parsing info during refresh. "On-the-fly" syntax checking information may be incorrect. [/run/media/fnavarro/DATA/Git/6to/Tecnicas_Digitales_IV/Practicos/Trabajo_Practico_1/TP1/TP1.srcs/sources_1/new/disp_mux.vhd:]
WARNING: [filemgmt 56-199] Attempt to get parsing info during refresh. "On-the-fly" syntax checking information may be incorrect. [/run/media/fnavarro/DATA/Git/6to/Tecnicas_Digitales_IV/Practicos/Trabajo_Practico_1/TP1/TP1.srcs/sources_1/new/bin2sseg.vhd:]
WARNING: [filemgmt 56-199] Attempt to get parsing info during refresh. "On-the-fly" syntax checking information may be incorrect. [/run/media/fnavarro/DATA/Git/6to/Tecnicas_Digitales_IV/Practicos/Trabajo_Practico_1/TP1/TP1.srcs/sim_1/new/tb_1a.vhd:]
WARNING: [filemgmt 56-199] Attempt to get parsing info during refresh. "On-the-fly" syntax checking information may be incorrect. [/run/media/fnavarro/DATA/Git/6to/Tecnicas_Digitales_IV/Practicos/Trabajo_Practico_1/TP1/TP1.srcs/sim_1/new/tb_mux.vhd:]
WARNING: [filemgmt 56-199] Attempt to get parsing info during refresh. "On-the-fly" syntax checking information may be incorrect. [/run/media/fnavarro/DATA/Git/6to/Tecnicas_Digitales_IV/Practicos/Trabajo_Practico_1/TP1/TP1.srcs/sources_1/new/up_down_counter.vhd:]
WARNING: [filemgmt 56-199] Attempt to get parsing info during refresh. "On-the-fly" syntax checking information may be incorrect. [/run/media/fnavarro/DATA/Git/6to/Tecnicas_Digitales_IV/Practicos/Trabajo_Practico_1/TP1/TP1.srcs/sources_1/new/clkdiv.vhd:]
WARNING: [filemgmt 56-199] Attempt to get parsing info during refresh. "On-the-fly" syntax checking information may be incorrect. [/run/media/fnavarro/DATA/Git/6to/Tecnicas_Digitales_IV/Practicos/Trabajo_Practico_1/TP1/TP1.srcs/sources_1/new/motorcc_cl.vhd:]
WARNING: [filemgmt 56-199] Attempt to get parsing info during refresh. "On-the-fly" syntax checking information may be incorrect. [/run/media/fnavarro/DATA/Git/6to/Tecnicas_Digitales_IV/Practicos/Trabajo_Practico_1/TP1/TP1.srcs/sources_1/new/disp_mux.vhd:]
WARNING: [filemgmt 56-199] Attempt to get parsing info during refresh. "On-the-fly" syntax checking information may be incorrect. [/run/media/fnavarro/DATA/Git/6to/Tecnicas_Digitales_IV/Practicos/Trabajo_Practico_1/TP1/TP1.srcs/sources_1/new/bin2sseg.vhd:]
WARNING: [filemgmt 56-199] Attempt to get parsing info during refresh. "On-the-fly" syntax checking information may be incorrect. [/run/media/fnavarro/DATA/Git/6to/Tecnicas_Digitales_IV/Practicos/Trabajo_Practico_1/TP1/TP1.srcs/sim_1/new/tb_1a.vhd:]
WARNING: [filemgmt 56-199] Attempt to get parsing info during refresh. "On-the-fly" syntax checking information may be incorrect. [/run/media/fnavarro/DATA/Git/6to/Tecnicas_Digitales_IV/Practicos/Trabajo_Practico_1/TP1/TP1.srcs/sim_1/new/tb_mux.vhd:]
WARNING: [filemgmt 56-199] Attempt to get parsing info during refresh. "On-the-fly" syntax checking information may be incorrect. [/run/media/fnavarro/DATA/Git/6to/Tecnicas_Digitales_IV/Practicos/Trabajo_Practico_1/TP1/TP1.srcs/sources_1/new/up_down_counter.vhd:]
WARNING: [filemgmt 56-199] Attempt to get parsing info during refresh. "On-the-fly" syntax checking information may be incorrect. [/run/media/fnavarro/DATA/Git/6to/Tecnicas_Digitales_IV/Practicos/Trabajo_Practico_1/TP1/TP1.srcs/sources_1/new/clkdiv.vhd:]
WARNING: [filemgmt 56-199] Attempt to get parsing info during refresh. "On-the-fly" syntax checking information may be incorrect. [/run/media/fnavarro/DATA/Git/6to/Tecnicas_Digitales_IV/Practicos/Trabajo_Practico_1/TP1/TP1.srcs/sources_1/new/motorcc_cl.vhd:]
WARNING: [filemgmt 56-199] Attempt to get parsing info during refresh. "On-the-fly" syntax checking information may be incorrect. [/run/media/fnavarro/DATA/Git/6to/Tecnicas_Digitales_IV/Practicos/Trabajo_Practico_1/TP1/TP1.srcs/sources_1/new/disp_mux.vhd:]
WARNING: [filemgmt 56-199] Attempt to get parsing info during refresh. "On-the-fly" syntax checking information may be incorrect. [/run/media/fnavarro/DATA/Git/6to/Tecnicas_Digitales_IV/Practicos/Trabajo_Practico_1/TP1/TP1.srcs/sources_1/new/bin2sseg.vhd:]
WARNING: [filemgmt 56-199] Attempt to get parsing info during refresh. "On-the-fly" syntax checking information may be incorrect. [/run/media/fnavarro/DATA/Git/6to/Tecnicas_Digitales_IV/Practicos/Trabajo_Practico_1/TP1/TP1.srcs/sim_1/new/tb_1a.vhd:]
WARNING: [filemgmt 56-199] Attempt to get parsing info during refresh. "On-the-fly" syntax checking information may be incorrect. [/run/media/fnavarro/DATA/Git/6to/Tecnicas_Digitales_IV/Practicos/Trabajo_Practico_1/TP1/TP1.srcs/sim_1/new/tb_mux.vhd:]
WARNING: [filemgmt 56-199] Attempt to get parsing info during refresh. "On-the-fly" syntax checking information may be incorrect. [/run/media/fnavarro/DATA/Git/6to/Tecnicas_Digitales_IV/Practicos/Trabajo_Practico_1/TP1/TP1.srcs/sources_1/new/up_down_counter.vhd:]
WARNING: [filemgmt 56-199] Attempt to get parsing info during refresh. "On-the-fly" syntax checking information may be incorrect. [/run/media/fnavarro/DATA/Git/6to/Tecnicas_Digitales_IV/Practicos/Trabajo_Practico_1/TP1/TP1.srcs/sources_1/new/clkdiv.vhd:]
WARNING: [filemgmt 56-199] Attempt to get parsing info during refresh. "On-the-fly" syntax checking information may be incorrect. [/run/media/fnavarro/DATA/Git/6to/Tecnicas_Digitales_IV/Practicos/Trabajo_Practico_1/TP1/TP1.srcs/sources_1/new/motorcc_cl.vhd:]
WARNING: [filemgmt 56-199] Attempt to get parsing info during refresh. "On-the-fly" syntax checking information may be incorrect. [/run/media/fnavarro/DATA/Git/6to/Tecnicas_Digitales_IV/Practicos/Trabajo_Practico_1/TP1/TP1.srcs/sources_1/new/disp_mux.vhd:]
WARNING: [filemgmt 56-199] Attempt to get parsing info during refresh. "On-the-fly" syntax checking information may be incorrect. [/run/media/fnavarro/DATA/Git/6to/Tecnicas_Digitales_IV/Practicos/Trabajo_Practico_1/TP1/TP1.srcs/sources_1/new/bin2sseg.vhd:]
WARNING: [filemgmt 56-199] Attempt to get parsing info during refresh. "On-the-fly" syntax checking information may be incorrect. [/run/media/fnavarro/DATA/Git/6to/Tecnicas_Digitales_IV/Practicos/Trabajo_Practico_1/TP1/TP1.srcs/sim_1/new/tb_1a.vhd:]
WARNING: [filemgmt 56-199] Attempt to get parsing info during refresh. "On-the-fly" syntax checking information may be incorrect. [/run/media/fnavarro/DATA/Git/6to/Tecnicas_Digitales_IV/Practicos/Trabajo_Practico_1/TP1/TP1.srcs/sim_1/new/tb_mux.vhd:]
WARNING: [filemgmt 56-199] Attempt to get parsing info during refresh. "On-the-fly" syntax checking information may be incorrect. [/run/media/fnavarro/DATA/Git/6to/Tecnicas_Digitales_IV/Practicos/Trabajo_Practico_1/TP1/TP1.srcs/sources_1/new/up_down_counter.vhd:]
WARNING: [filemgmt 56-199] Attempt to get parsing info during refresh. "On-the-fly" syntax checking information may be incorrect. [/run/media/fnavarro/DATA/Git/6to/Tecnicas_Digitales_IV/Practicos/Trabajo_Practico_1/TP1/TP1.srcs/sources_1/new/clkdiv.vhd:]
WARNING: [filemgmt 56-199] Attempt to get parsing info during refresh. "On-the-fly" syntax checking information may be incorrect. [/run/media/fnavarro/DATA/Git/6to/Tecnicas_Digitales_IV/Practicos/Trabajo_Practico_1/TP1/TP1.srcs/sources_1/new/motorcc_cl.vhd:]
WARNING: [filemgmt 56-199] Attempt to get parsing info during refresh. "On-the-fly" syntax checking information may be incorrect. [/run/media/fnavarro/DATA/Git/6to/Tecnicas_Digitales_IV/Practicos/Trabajo_Practico_1/TP1/TP1.srcs/sources_1/new/disp_mux.vhd:]
WARNING: [filemgmt 56-199] Attempt to get parsing info during refresh. "On-the-fly" syntax checking information may be incorrect. [/run/media/fnavarro/DATA/Git/6to/Tecnicas_Digitales_IV/Practicos/Trabajo_Practico_1/TP1/TP1.srcs/sources_1/new/bin2sseg.vhd:]
WARNING: [filemgmt 56-199] Attempt to get parsing info during refresh. "On-the-fly" syntax checking information may be incorrect. [/run/media/fnavarro/DATA/Git/6to/Tecnicas_Digitales_IV/Practicos/Trabajo_Practico_1/TP1/TP1.srcs/sim_1/new/tb_1a.vhd:]
WARNING: [filemgmt 56-199] Attempt to get parsing info during refresh. "On-the-fly" syntax checking information may be incorrect. [/run/media/fnavarro/DATA/Git/6to/Tecnicas_Digitales_IV/Practicos/Trabajo_Practico_1/TP1/TP1.srcs/sim_1/new/tb_mux.vhd:]
WARNING: [filemgmt 56-199] Attempt to get parsing info during refresh. "On-the-fly" syntax checking information may be incorrect. [/run/media/fnavarro/DATA/Git/6to/Tecnicas_Digitales_IV/Practicos/Trabajo_Practico_1/TP1/TP1.srcs/sources_1/new/up_down_counter.vhd:]
WARNING: [filemgmt 56-199] Attempt to get parsing info during refresh. "On-the-fly" syntax checking information may be incorrect. [/run/media/fnavarro/DATA/Git/6to/Tecnicas_Digitales_IV/Practicos/Trabajo_Practico_1/TP1/TP1.srcs/sources_1/new/clkdiv.vhd:]
WARNING: [filemgmt 56-199] Attempt to get parsing info during refresh. "On-the-fly" syntax checking information may be incorrect. [/run/media/fnavarro/DATA/Git/6to/Tecnicas_Digitales_IV/Practicos/Trabajo_Practico_1/TP1/TP1.srcs/sources_1/new/motorcc_cl.vhd:]
WARNING: [filemgmt 56-199] Attempt to get parsing info during refresh. "On-the-fly" syntax checking information may be incorrect. [/run/media/fnavarro/DATA/Git/6to/Tecnicas_Digitales_IV/Practicos/Trabajo_Practico_1/TP1/TP1.srcs/sources_1/new/disp_mux.vhd:]
WARNING: [filemgmt 56-199] Attempt to get parsing info during refresh. "On-the-fly" syntax checking information may be incorrect. [/run/media/fnavarro/DATA/Git/6to/Tecnicas_Digitales_IV/Practicos/Trabajo_Practico_1/TP1/TP1.srcs/sources_1/new/bin2sseg.vhd:]
WARNING: [filemgmt 56-199] Attempt to get parsing info during refresh. "On-the-fly" syntax checking information may be incorrect. [/run/media/fnavarro/DATA/Git/6to/Tecnicas_Digitales_IV/Practicos/Trabajo_Practico_1/TP1/TP1.srcs/sim_1/new/tb_1a.vhd:]
WARNING: [filemgmt 56-199] Attempt to get parsing info during refresh. "On-the-fly" syntax checking information may be incorrect. [/run/media/fnavarro/DATA/Git/6to/Tecnicas_Digitales_IV/Practicos/Trabajo_Practico_1/TP1/TP1.srcs/sim_1/new/tb_mux.vhd:]
WARNING: [filemgmt 56-199] Attempt to get parsing info during refresh. "On-the-fly" syntax checking information may be incorrect. [/run/media/fnavarro/DATA/Git/6to/Tecnicas_Digitales_IV/Practicos/Trabajo_Practico_1/TP1/TP1.srcs/sources_1/new/up_down_counter.vhd:]
WARNING: [filemgmt 56-199] Attempt to get parsing info during refresh. "On-the-fly" syntax checking information may be incorrect. [/run/media/fnavarro/DATA/Git/6to/Tecnicas_Digitales_IV/Practicos/Trabajo_Practico_1/TP1/TP1.srcs/sources_1/new/clkdiv.vhd:]
WARNING: [filemgmt 56-199] Attempt to get parsing info during refresh. "On-the-fly" syntax checking information may be incorrect. [/run/media/fnavarro/DATA/Git/6to/Tecnicas_Digitales_IV/Practicos/Trabajo_Practico_1/TP1/TP1.srcs/sources_1/new/motorcc_cl.vhd:]
WARNING: [filemgmt 56-199] Attempt to get parsing info during refresh. "On-the-fly" syntax checking information may be incorrect. [/run/media/fnavarro/DATA/Git/6to/Tecnicas_Digitales_IV/Practicos/Trabajo_Practico_1/TP1/TP1.srcs/sources_1/new/disp_mux.vhd:]
WARNING: [filemgmt 56-199] Attempt to get parsing info during refresh. "On-the-fly" syntax checking information may be incorrect. [/run/media/fnavarro/DATA/Git/6to/Tecnicas_Digitales_IV/Practicos/Trabajo_Practico_1/TP1/TP1.srcs/sources_1/new/bin2sseg.vhd:]
WARNING: [filemgmt 56-199] Attempt to get parsing info during refresh. "On-the-fly" syntax checking information may be incorrect. [/run/media/fnavarro/DATA/Git/6to/Tecnicas_Digitales_IV/Practicos/Trabajo_Practico_1/TP1/TP1.srcs/sim_1/new/tb_1a.vhd:]
WARNING: [filemgmt 56-199] Attempt to get parsing info during refresh. "On-the-fly" syntax checking information may be incorrect. [/run/media/fnavarro/DATA/Git/6to/Tecnicas_Digitales_IV/Practicos/Trabajo_Practico_1/TP1/TP1.srcs/sim_1/new/tb_mux.vhd:]
WARNING: [filemgmt 56-199] Attempt to get parsing info during refresh. "On-the-fly" syntax checking information may be incorrect. [/run/media/fnavarro/DATA/Git/6to/Tecnicas_Digitales_IV/Practicos/Trabajo_Practico_1/TP1/TP1.srcs/sources_1/new/up_down_counter.vhd:]
WARNING: [filemgmt 56-199] Attempt to get parsing info during refresh. "On-the-fly" syntax checking information may be incorrect. [/run/media/fnavarro/DATA/Git/6to/Tecnicas_Digitales_IV/Practicos/Trabajo_Practico_1/TP1/TP1.srcs/sources_1/new/clkdiv.vhd:]
WARNING: [filemgmt 56-199] Attempt to get parsing info during refresh. "On-the-fly" syntax checking information may be incorrect. [/run/media/fnavarro/DATA/Git/6to/Tecnicas_Digitales_IV/Practicos/Trabajo_Practico_1/TP1/TP1.srcs/sources_1/new/motorcc_cl.vhd:]
WARNING: [filemgmt 56-199] Attempt to get parsing info during refresh. "On-the-fly" syntax checking information may be incorrect. [/run/media/fnavarro/DATA/Git/6to/Tecnicas_Digitales_IV/Practicos/Trabajo_Practico_1/TP1/TP1.srcs/sources_1/new/disp_mux.vhd:]
WARNING: [filemgmt 56-199] Attempt to get parsing info during refresh. "On-the-fly" syntax checking information may be incorrect. [/run/media/fnavarro/DATA/Git/6to/Tecnicas_Digitales_IV/Practicos/Trabajo_Practico_1/TP1/TP1.srcs/sources_1/new/bin2sseg.vhd:]
WARNING: [filemgmt 56-199] Attempt to get parsing info during refresh. "On-the-fly" syntax checking information may be incorrect. [/run/media/fnavarro/DATA/Git/6to/Tecnicas_Digitales_IV/Practicos/Trabajo_Practico_1/TP1/TP1.srcs/sim_1/new/tb_1a.vhd:]
WARNING: [filemgmt 56-199] Attempt to get parsing info during refresh. "On-the-fly" syntax checking information may be incorrect. [/run/media/fnavarro/DATA/Git/6to/Tecnicas_Digitales_IV/Practicos/Trabajo_Practico_1/TP1/TP1.srcs/sim_1/new/tb_mux.vhd:]
WARNING: [filemgmt 56-199] Attempt to get parsing info during refresh. "On-the-fly" syntax checking information may be incorrect. [/run/media/fnavarro/DATA/Git/6to/Tecnicas_Digitales_IV/Practicos/Trabajo_Practico_1/TP1/TP1.srcs/sources_1/new/up_down_counter.vhd:]
WARNING: [filemgmt 56-199] Attempt to get parsing info during refresh. "On-the-fly" syntax checking information may be incorrect. [/run/media/fnavarro/DATA/Git/6to/Tecnicas_Digitales_IV/Practicos/Trabajo_Practico_1/TP1/TP1.srcs/sources_1/new/clkdiv.vhd:]
WARNING: [filemgmt 56-199] Attempt to get parsing info during refresh. "On-the-fly" syntax checking information may be incorrect. [/run/media/fnavarro/DATA/Git/6to/Tecnicas_Digitales_IV/Practicos/Trabajo_Practico_1/TP1/TP1.srcs/sources_1/new/motorcc_cl.vhd:]
WARNING: [filemgmt 56-199] Attempt to get parsing info during refresh. "On-the-fly" syntax checking information may be incorrect. [/run/media/fnavarro/DATA/Git/6to/Tecnicas_Digitales_IV/Practicos/Trabajo_Practico_1/TP1/TP1.srcs/sources_1/new/disp_mux.vhd:]
WARNING: [filemgmt 56-199] Attempt to get parsing info during refresh. "On-the-fly" syntax checking information may be incorrect. [/run/media/fnavarro/DATA/Git/6to/Tecnicas_Digitales_IV/Practicos/Trabajo_Practico_1/TP1/TP1.srcs/sources_1/new/bin2sseg.vhd:]
WARNING: [filemgmt 56-199] Attempt to get parsing info during refresh. "On-the-fly" syntax checking information may be incorrect. [/run/media/fnavarro/DATA/Git/6to/Tecnicas_Digitales_IV/Practicos/Trabajo_Practico_1/TP1/TP1.srcs/sim_1/new/tb_1a.vhd:]
WARNING: [filemgmt 56-199] Attempt to get parsing info during refresh. "On-the-fly" syntax checking information may be incorrect. [/run/media/fnavarro/DATA/Git/6to/Tecnicas_Digitales_IV/Practicos/Trabajo_Practico_1/TP1/TP1.srcs/sim_1/new/tb_mux.vhd:]
WARNING: [filemgmt 56-199] Attempt to get parsing info during refresh. "On-the-fly" syntax checking information may be incorrect. [/run/media/fnavarro/DATA/Git/6to/Tecnicas_Digitales_IV/Practicos/Trabajo_Practico_1/TP1/TP1.srcs/sources_1/new/up_down_counter.vhd:]
WARNING: [filemgmt 56-199] Attempt to get parsing info during refresh. "On-the-fly" syntax checking information may be incorrect. [/run/media/fnavarro/DATA/Git/6to/Tecnicas_Digitales_IV/Practicos/Trabajo_Practico_1/TP1/TP1.srcs/sources_1/new/clkdiv.vhd:]
WARNING: [filemgmt 56-199] Attempt to get parsing info during refresh. "On-the-fly" syntax checking information may be incorrect. [/run/media/fnavarro/DATA/Git/6to/Tecnicas_Digitales_IV/Practicos/Trabajo_Practico_1/TP1/TP1.srcs/sources_1/new/motorcc_cl.vhd:]
WARNING: [filemgmt 56-199] Attempt to get parsing info during refresh. "On-the-fly" syntax checking information may be incorrect. [/run/media/fnavarro/DATA/Git/6to/Tecnicas_Digitales_IV/Practicos/Trabajo_Practico_1/TP1/TP1.srcs/sources_1/new/disp_mux.vhd:]
WARNING: [filemgmt 56-199] Attempt to get parsing info during refresh. "On-the-fly" syntax checking information may be incorrect. [/run/media/fnavarro/DATA/Git/6to/Tecnicas_Digitales_IV/Practicos/Trabajo_Practico_1/TP1/TP1.srcs/sources_1/new/bin2sseg.vhd:]
WARNING: [filemgmt 56-199] Attempt to get parsing info during refresh. "On-the-fly" syntax checking information may be incorrect. [/run/media/fnavarro/DATA/Git/6to/Tecnicas_Digitales_IV/Practicos/Trabajo_Practico_1/TP1/TP1.srcs/sim_1/new/tb_1a.vhd:]
WARNING: [filemgmt 56-199] Attempt to get parsing info during refresh. "On-the-fly" syntax checking information may be incorrect. [/run/media/fnavarro/DATA/Git/6to/Tecnicas_Digitales_IV/Practicos/Trabajo_Practico_1/TP1/TP1.srcs/sim_1/new/tb_mux.vhd:]
WARNING: [filemgmt 56-199] Attempt to get parsing info during refresh. "On-the-fly" syntax checking information may be incorrect. [/run/media/fnavarro/DATA/Git/6to/Tecnicas_Digitales_IV/Practicos/Trabajo_Practico_1/TP1/TP1.srcs/sources_1/new/up_down_counter.vhd:]
WARNING: [filemgmt 56-199] Attempt to get parsing info during refresh. "On-the-fly" syntax checking information may be incorrect. [/run/media/fnavarro/DATA/Git/6to/Tecnicas_Digitales_IV/Practicos/Trabajo_Practico_1/TP1/TP1.srcs/sources_1/new/clkdiv.vhd:]
WARNING: [filemgmt 56-199] Attempt to get parsing info during refresh. "On-the-fly" syntax checking information may be incorrect. [/run/media/fnavarro/DATA/Git/6to/Tecnicas_Digitales_IV/Practicos/Trabajo_Practico_1/TP1/TP1.srcs/sources_1/new/motorcc_cl.vhd:]
WARNING: [filemgmt 56-199] Attempt to get parsing info during refresh. "On-the-fly" syntax checking information may be incorrect. [/run/media/fnavarro/DATA/Git/6to/Tecnicas_Digitales_IV/Practicos/Trabajo_Practico_1/TP1/TP1.srcs/sources_1/new/disp_mux.vhd:]
WARNING: [filemgmt 56-199] Attempt to get parsing info during refresh. "On-the-fly" syntax checking information may be incorrect. [/run/media/fnavarro/DATA/Git/6to/Tecnicas_Digitales_IV/Practicos/Trabajo_Practico_1/TP1/TP1.srcs/sources_1/new/bin2sseg.vhd:]
WARNING: [filemgmt 56-199] Attempt to get parsing info during refresh. "On-the-fly" syntax checking information may be incorrect. [/run/media/fnavarro/DATA/Git/6to/Tecnicas_Digitales_IV/Practicos/Trabajo_Practico_1/TP1/TP1.srcs/sim_1/new/tb_1a.vhd:]
WARNING: [filemgmt 56-199] Attempt to get parsing info during refresh. "On-the-fly" syntax checking information may be incorrect. [/run/media/fnavarro/DATA/Git/6to/Tecnicas_Digitales_IV/Practicos/Trabajo_Practico_1/TP1/TP1.srcs/sim_1/new/tb_mux.vhd:]
WARNING: [filemgmt 56-199] Attempt to get parsing info during refresh. "On-the-fly" syntax checking information may be incorrect. [/run/media/fnavarro/DATA/Git/6to/Tecnicas_Digitales_IV/Practicos/Trabajo_Practico_1/TP1/TP1.srcs/sources_1/new/up_down_counter.vhd:]
WARNING: [filemgmt 56-199] Attempt to get parsing info during refresh. "On-the-fly" syntax checking information may be incorrect. [/run/media/fnavarro/DATA/Git/6to/Tecnicas_Digitales_IV/Practicos/Trabajo_Practico_1/TP1/TP1.srcs/sources_1/new/clkdiv.vhd:]
WARNING: [filemgmt 56-199] Attempt to get parsing info during refresh. "On-the-fly" syntax checking information may be incorrect. [/run/media/fnavarro/DATA/Git/6to/Tecnicas_Digitales_IV/Practicos/Trabajo_Practico_1/TP1/TP1.srcs/sources_1/new/motorcc_cl.vhd:]
WARNING: [filemgmt 56-199] Attempt to get parsing info during refresh. "On-the-fly" syntax checking information may be incorrect. [/run/media/fnavarro/DATA/Git/6to/Tecnicas_Digitales_IV/Practicos/Trabajo_Practico_1/TP1/TP1.srcs/sources_1/new/disp_mux.vhd:]
WARNING: [filemgmt 56-199] Attempt to get parsing info during refresh. "On-the-fly" syntax checking information may be incorrect. [/run/media/fnavarro/DATA/Git/6to/Tecnicas_Digitales_IV/Practicos/Trabajo_Practico_1/TP1/TP1.srcs/sources_1/new/bin2sseg.vhd:]
WARNING: [filemgmt 56-199] Attempt to get parsing info during refresh. "On-the-fly" syntax checking information may be incorrect. [/run/media/fnavarro/DATA/Git/6to/Tecnicas_Digitales_IV/Practicos/Trabajo_Practico_1/TP1/TP1.srcs/sim_1/new/tb_1a.vhd:]
WARNING: [filemgmt 56-199] Attempt to get parsing info during refresh. "On-the-fly" syntax checking information may be incorrect. [/run/media/fnavarro/DATA/Git/6to/Tecnicas_Digitales_IV/Practicos/Trabajo_Practico_1/TP1/TP1.srcs/sim_1/new/tb_mux.vhd:]
WARNING: [filemgmt 56-199] Attempt to get parsing info during refresh. "On-the-fly" syntax checking information may be incorrect. [/run/media/fnavarro/DATA/Git/6to/Tecnicas_Digitales_IV/Practicos/Trabajo_Practico_1/TP1/TP1.srcs/sources_1/new/up_down_counter.vhd:]
WARNING: [filemgmt 56-199] Attempt to get parsing info during refresh. "On-the-fly" syntax checking information may be incorrect. [/run/media/fnavarro/DATA/Git/6to/Tecnicas_Digitales_IV/Practicos/Trabajo_Practico_1/TP1/TP1.srcs/sources_1/new/clkdiv.vhd:]
WARNING: [filemgmt 56-199] Attempt to get parsing info during refresh. "On-the-fly" syntax checking information may be incorrect. [/run/media/fnavarro/DATA/Git/6to/Tecnicas_Digitales_IV/Practicos/Trabajo_Practico_1/TP1/TP1.srcs/sources_1/new/motorcc_cl.vhd:]
WARNING: [filemgmt 56-199] Attempt to get parsing info during refresh. "On-the-fly" syntax checking information may be incorrect. [/run/media/fnavarro/DATA/Git/6to/Tecnicas_Digitales_IV/Practicos/Trabajo_Practico_1/TP1/TP1.srcs/sources_1/new/disp_mux.vhd:]
WARNING: [filemgmt 56-199] Attempt to get parsing info during refresh. "On-the-fly" syntax checking information may be incorrect. [/run/media/fnavarro/DATA/Git/6to/Tecnicas_Digitales_IV/Practicos/Trabajo_Practico_1/TP1/TP1.srcs/sources_1/new/bin2sseg.vhd:]
WARNING: [filemgmt 56-199] Attempt to get parsing info during refresh. "On-the-fly" syntax checking information may be incorrect. [/run/media/fnavarro/DATA/Git/6to/Tecnicas_Digitales_IV/Practicos/Trabajo_Practico_1/TP1/TP1.srcs/sim_1/new/tb_1a.vhd:]
WARNING: [filemgmt 56-199] Attempt to get parsing info during refresh. "On-the-fly" syntax checking information may be incorrect. [/run/media/fnavarro/DATA/Git/6to/Tecnicas_Digitales_IV/Practicos/Trabajo_Practico_1/TP1/TP1.srcs/sim_1/new/tb_mux.vhd:]
WARNING: [filemgmt 56-199] Attempt to get parsing info during refresh. "On-the-fly" syntax checking information may be incorrect. [/run/media/fnavarro/DATA/Git/6to/Tecnicas_Digitales_IV/Practicos/Trabajo_Practico_1/TP1/TP1.srcs/sources_1/new/up_down_counter.vhd:]
WARNING: [filemgmt 56-199] Attempt to get parsing info during refresh. "On-the-fly" syntax checking information may be incorrect. [/run/media/fnavarro/DATA/Git/6to/Tecnicas_Digitales_IV/Practicos/Trabajo_Practico_1/TP1/TP1.srcs/sources_1/new/clkdiv.vhd:]
WARNING: [filemgmt 56-199] Attempt to get parsing info during refresh. "On-the-fly" syntax checking information may be incorrect. [/run/media/fnavarro/DATA/Git/6to/Tecnicas_Digitales_IV/Practicos/Trabajo_Practico_1/TP1/TP1.srcs/sources_1/new/motorcc_cl.vhd:]
WARNING: [filemgmt 56-199] Attempt to get parsing info during refresh. "On-the-fly" syntax checking information may be incorrect. [/run/media/fnavarro/DATA/Git/6to/Tecnicas_Digitales_IV/Practicos/Trabajo_Practico_1/TP1/TP1.srcs/sources_1/new/disp_mux.vhd:]
WARNING: [filemgmt 56-199] Attempt to get parsing info during refresh. "On-the-fly" syntax checking information may be incorrect. [/run/media/fnavarro/DATA/Git/6to/Tecnicas_Digitales_IV/Practicos/Trabajo_Practico_1/TP1/TP1.srcs/sources_1/new/bin2sseg.vhd:]
WARNING: [filemgmt 56-199] Attempt to get parsing info during refresh. "On-the-fly" syntax checking information may be incorrect. [/run/media/fnavarro/DATA/Git/6to/Tecnicas_Digitales_IV/Practicos/Trabajo_Practico_1/TP1/TP1.srcs/sim_1/new/tb_1a.vhd:]
WARNING: [filemgmt 56-199] Attempt to get parsing info during refresh. "On-the-fly" syntax checking information may be incorrect. [/run/media/fnavarro/DATA/Git/6to/Tecnicas_Digitales_IV/Practicos/Trabajo_Practico_1/TP1/TP1.srcs/sim_1/new/tb_mux.vhd:]
WARNING: [filemgmt 56-199] Attempt to get parsing info during refresh. "On-the-fly" syntax checking information may be incorrect. [/run/media/fnavarro/DATA/Git/6to/Tecnicas_Digitales_IV/Practicos/Trabajo_Practico_1/TP1/TP1.srcs/sources_1/new/up_down_counter.vhd:]
WARNING: [filemgmt 56-199] Attempt to get parsing info during refresh. "On-the-fly" syntax checking information may be incorrect. [/run/media/fnavarro/DATA/Git/6to/Tecnicas_Digitales_IV/Practicos/Trabajo_Practico_1/TP1/TP1.srcs/sources_1/new/clkdiv.vhd:]
WARNING: [filemgmt 56-199] Attempt to get parsing info during refresh. "On-the-fly" syntax checking information may be incorrect. [/run/media/fnavarro/DATA/Git/6to/Tecnicas_Digitales_IV/Practicos/Trabajo_Practico_1/TP1/TP1.srcs/sources_1/new/motorcc_cl.vhd:]
WARNING: [filemgmt 56-199] Attempt to get parsing info during refresh. "On-the-fly" syntax checking information may be incorrect. [/run/media/fnavarro/DATA/Git/6to/Tecnicas_Digitales_IV/Practicos/Trabajo_Practico_1/TP1/TP1.srcs/sources_1/new/disp_mux.vhd:]
WARNING: [filemgmt 56-199] Attempt to get parsing info during refresh. "On-the-fly" syntax checking information may be incorrect. [/run/media/fnavarro/DATA/Git/6to/Tecnicas_Digitales_IV/Practicos/Trabajo_Practico_1/TP1/TP1.srcs/sources_1/new/bin2sseg.vhd:]
WARNING: [filemgmt 56-199] Attempt to get parsing info during refresh. "On-the-fly" syntax checking information may be incorrect. [/run/media/fnavarro/DATA/Git/6to/Tecnicas_Digitales_IV/Practicos/Trabajo_Practico_1/TP1/TP1.srcs/sim_1/new/tb_1a.vhd:]
WARNING: [filemgmt 56-199] Attempt to get parsing info during refresh. "On-the-fly" syntax checking information may be incorrect. [/run/media/fnavarro/DATA/Git/6to/Tecnicas_Digitales_IV/Practicos/Trabajo_Practico_1/TP1/TP1.srcs/sim_1/new/tb_mux.vhd:]
WARNING: [filemgmt 56-199] Attempt to get parsing info during refresh. "On-the-fly" syntax checking information may be incorrect. [/run/media/fnavarro/DATA/Git/6to/Tecnicas_Digitales_IV/Practicos/Trabajo_Practico_1/TP1/TP1.srcs/sources_1/new/up_down_counter.vhd:]
WARNING: [filemgmt 56-199] Attempt to get parsing info during refresh. "On-the-fly" syntax checking information may be incorrect. [/run/media/fnavarro/DATA/Git/6to/Tecnicas_Digitales_IV/Practicos/Trabajo_Practico_1/TP1/TP1.srcs/sources_1/new/clkdiv.vhd:]
WARNING: [filemgmt 56-199] Attempt to get parsing info during refresh. "On-the-fly" syntax checking information may be incorrect. [/run/media/fnavarro/DATA/Git/6to/Tecnicas_Digitales_IV/Practicos/Trabajo_Practico_1/TP1/TP1.srcs/sources_1/new/motorcc_cl.vhd:]
WARNING: [filemgmt 56-199] Attempt to get parsing info during refresh. "On-the-fly" syntax checking information may be incorrect. [/run/media/fnavarro/DATA/Git/6to/Tecnicas_Digitales_IV/Practicos/Trabajo_Practico_1/TP1/TP1.srcs/sources_1/new/disp_mux.vhd:]
WARNING: [filemgmt 56-199] Attempt to get parsing info during refresh. "On-the-fly" syntax checking information may be incorrect. [/run/media/fnavarro/DATA/Git/6to/Tecnicas_Digitales_IV/Practicos/Trabajo_Practico_1/TP1/TP1.srcs/sources_1/new/bin2sseg.vhd:]
WARNING: [filemgmt 56-199] Attempt to get parsing info during refresh. "On-the-fly" syntax checking information may be incorrect. [/run/media/fnavarro/DATA/Git/6to/Tecnicas_Digitales_IV/Practicos/Trabajo_Practico_1/TP1/TP1.srcs/sim_1/new/tb_1a.vhd:]
WARNING: [filemgmt 56-199] Attempt to get parsing info during refresh. "On-the-fly" syntax checking information may be incorrect. [/run/media/fnavarro/DATA/Git/6to/Tecnicas_Digitales_IV/Practicos/Trabajo_Practico_1/TP1/TP1.srcs/sim_1/new/tb_mux.vhd:]
WARNING: [filemgmt 56-199] Attempt to get parsing info during refresh. "On-the-fly" syntax checking information may be incorrect. [/run/media/fnavarro/DATA/Git/6to/Tecnicas_Digitales_IV/Practicos/Trabajo_Practico_1/TP1/TP1.srcs/sources_1/new/up_down_counter.vhd:]
WARNING: [filemgmt 56-199] Attempt to get parsing info during refresh. "On-the-fly" syntax checking information may be incorrect. [/run/media/fnavarro/DATA/Git/6to/Tecnicas_Digitales_IV/Practicos/Trabajo_Practico_1/TP1/TP1.srcs/sources_1/new/clkdiv.vhd:]
WARNING: [filemgmt 56-199] Attempt to get parsing info during refresh. "On-the-fly" syntax checking information may be incorrect. [/run/media/fnavarro/DATA/Git/6to/Tecnicas_Digitales_IV/Practicos/Trabajo_Practico_1/TP1/TP1.srcs/sources_1/new/motorcc_cl.vhd:]
WARNING: [filemgmt 56-199] Attempt to get parsing info during refresh. "On-the-fly" syntax checking information may be incorrect. [/run/media/fnavarro/DATA/Git/6to/Tecnicas_Digitales_IV/Practicos/Trabajo_Practico_1/TP1/TP1.srcs/sources_1/new/disp_mux.vhd:]
WARNING: [filemgmt 56-199] Attempt to get parsing info during refresh. "On-the-fly" syntax checking information may be incorrect. [/run/media/fnavarro/DATA/Git/6to/Tecnicas_Digitales_IV/Practicos/Trabajo_Practico_1/TP1/TP1.srcs/sources_1/new/bin2sseg.vhd:]
WARNING: [filemgmt 56-199] Attempt to get parsing info during refresh. "On-the-fly" syntax checking information may be incorrect. [/run/media/fnavarro/DATA/Git/6to/Tecnicas_Digitales_IV/Practicos/Trabajo_Practico_1/TP1/TP1.srcs/sim_1/new/tb_1a.vhd:]
WARNING: [filemgmt 56-199] Attempt to get parsing info during refresh. "On-the-fly" syntax checking information may be incorrect. [/run/media/fnavarro/DATA/Git/6to/Tecnicas_Digitales_IV/Practicos/Trabajo_Practico_1/TP1/TP1.srcs/sim_1/new/tb_mux.vhd:]
WARNING: [filemgmt 56-199] Attempt to get parsing info during refresh. "On-the-fly" syntax checking information may be incorrect. [/run/media/fnavarro/DATA/Git/6to/Tecnicas_Digitales_IV/Practicos/Trabajo_Practico_1/TP1/TP1.srcs/sources_1/new/up_down_counter.vhd:]
WARNING: [filemgmt 56-199] Attempt to get parsing info during refresh. "On-the-fly" syntax checking information may be incorrect. [/run/media/fnavarro/DATA/Git/6to/Tecnicas_Digitales_IV/Practicos/Trabajo_Practico_1/TP1/TP1.srcs/sources_1/new/clkdiv.vhd:]
WARNING: [filemgmt 56-199] Attempt to get parsing info during refresh. "On-the-fly" syntax checking information may be incorrect. [/run/media/fnavarro/DATA/Git/6to/Tecnicas_Digitales_IV/Practicos/Trabajo_Practico_1/TP1/TP1.srcs/sources_1/new/motorcc_cl.vhd:]
WARNING: [filemgmt 56-199] Attempt to get parsing info during refresh. "On-the-fly" syntax checking information may be incorrect. [/run/media/fnavarro/DATA/Git/6to/Tecnicas_Digitales_IV/Practicos/Trabajo_Practico_1/TP1/TP1.srcs/sources_1/new/disp_mux.vhd:]
WARNING: [filemgmt 56-199] Attempt to get parsing info during refresh. "On-the-fly" syntax checking information may be incorrect. [/run/media/fnavarro/DATA/Git/6to/Tecnicas_Digitales_IV/Practicos/Trabajo_Practico_1/TP1/TP1.srcs/sources_1/new/bin2sseg.vhd:]
WARNING: [filemgmt 56-199] Attempt to get parsing info during refresh. "On-the-fly" syntax checking information may be incorrect. [/run/media/fnavarro/DATA/Git/6to/Tecnicas_Digitales_IV/Practicos/Trabajo_Practico_1/TP1/TP1.srcs/sim_1/new/tb_1a.vhd:]
WARNING: [filemgmt 56-199] Attempt to get parsing info during refresh. "On-the-fly" syntax checking information may be incorrect. [/run/media/fnavarro/DATA/Git/6to/Tecnicas_Digitales_IV/Practicos/Trabajo_Practico_1/TP1/TP1.srcs/sim_1/new/tb_mux.vhd:]
WARNING: [filemgmt 56-199] Attempt to get parsing info during refresh. "On-the-fly" syntax checking information may be incorrect. [/run/media/fnavarro/DATA/Git/6to/Tecnicas_Digitales_IV/Practicos/Trabajo_Practico_1/TP1/TP1.srcs/sources_1/new/up_down_counter.vhd:]
WARNING: [filemgmt 56-199] Attempt to get parsing info during refresh. "On-the-fly" syntax checking information may be incorrect. [/run/media/fnavarro/DATA/Git/6to/Tecnicas_Digitales_IV/Practicos/Trabajo_Practico_1/TP1/TP1.srcs/sources_1/new/clkdiv.vhd:]
WARNING: [filemgmt 56-199] Attempt to get parsing info during refresh. "On-the-fly" syntax checking information may be incorrect. [/run/media/fnavarro/DATA/Git/6to/Tecnicas_Digitales_IV/Practicos/Trabajo_Practico_1/TP1/TP1.srcs/sources_1/new/motorcc_cl.vhd:]
WARNING: [filemgmt 56-199] Attempt to get parsing info during refresh. "On-the-fly" syntax checking information may be incorrect. [/run/media/fnavarro/DATA/Git/6to/Tecnicas_Digitales_IV/Practicos/Trabajo_Practico_1/TP1/TP1.srcs/sources_1/new/disp_mux.vhd:]
WARNING: [filemgmt 56-199] Attempt to get parsing info during refresh. "On-the-fly" syntax checking information may be incorrect. [/run/media/fnavarro/DATA/Git/6to/Tecnicas_Digitales_IV/Practicos/Trabajo_Practico_1/TP1/TP1.srcs/sources_1/new/bin2sseg.vhd:]
WARNING: [filemgmt 56-199] Attempt to get parsing info during refresh. "On-the-fly" syntax checking information may be incorrect. [/run/media/fnavarro/DATA/Git/6to/Tecnicas_Digitales_IV/Practicos/Trabajo_Practico_1/TP1/TP1.srcs/sim_1/new/tb_1a.vhd:]
WARNING: [filemgmt 56-199] Attempt to get parsing info during refresh. "On-the-fly" syntax checking information may be incorrect. [/run/media/fnavarro/DATA/Git/6to/Tecnicas_Digitales_IV/Practicos/Trabajo_Practico_1/TP1/TP1.srcs/sim_1/new/tb_mux.vhd:]
WARNING: [filemgmt 56-199] Attempt to get parsing info during refresh. "On-the-fly" syntax checking information may be incorrect. [/run/media/fnavarro/DATA/Git/6to/Tecnicas_Digitales_IV/Practicos/Trabajo_Practico_1/TP1/TP1.srcs/sources_1/new/up_down_counter.vhd:]
WARNING: [filemgmt 56-199] Attempt to get parsing info during refresh. "On-the-fly" syntax checking information may be incorrect. [/run/media/fnavarro/DATA/Git/6to/Tecnicas_Digitales_IV/Practicos/Trabajo_Practico_1/TP1/TP1.srcs/sources_1/new/clkdiv.vhd:]
WARNING: [filemgmt 56-199] Attempt to get parsing info during refresh. "On-the-fly" syntax checking information may be incorrect. [/run/media/fnavarro/DATA/Git/6to/Tecnicas_Digitales_IV/Practicos/Trabajo_Practico_1/TP1/TP1.srcs/sources_1/new/motorcc_cl.vhd:]
update_compile_order -fileset sources_1
close [ open /run/media/fnavarro/DATA/Git/6to/Tecnicas_Digitales_IV/Practicos/Trabajo_Practico_1/TP1/TP1.srcs/sources_1/new/pwmg.vhd w ]
add_files /run/media/fnavarro/DATA/Git/6to/Tecnicas_Digitales_IV/Practicos/Trabajo_Practico_1/TP1/TP1.srcs/sources_1/new/pwmg.vhd
update_compile_order -fileset sources_1
update_compile_order -fileset sources_1
reset_run synth_1
launch_runs synth_1 -jobs 8
[Thu May 14 16:37:32 2020] Launched synth_1...
Run output will be captured here: /run/media/fnavarro/DATA/Git/6to/Tecnicas_Digitales_IV/Practicos/Trabajo_Practico_1/TP1/TP1.runs/synth_1/runme.log
update_compile_order -fileset sources_1
reset_run synth_1
launch_runs synth_1 -jobs 8
[Thu May 14 16:42:26 2020] Launched synth_1...
Run output will be captured here: /run/media/fnavarro/DATA/Git/6to/Tecnicas_Digitales_IV/Practicos/Trabajo_Practico_1/TP1/TP1.runs/synth_1/runme.log
launch_runs impl_1 -jobs 8
[Thu May 14 16:45:04 2020] Launched impl_1...
Run output will be captured here: /run/media/fnavarro/DATA/Git/6to/Tecnicas_Digitales_IV/Practicos/Trabajo_Practico_1/TP1/TP1.runs/impl_1/runme.log
reset_run synth_1
launch_runs synth_1 -jobs 8
[Thu May 14 16:50:21 2020] Launched synth_1...
Run output will be captured here: /run/media/fnavarro/DATA/Git/6to/Tecnicas_Digitales_IV/Practicos/Trabajo_Practico_1/TP1/TP1.runs/synth_1/runme.log
launch_runs impl_1 -jobs 8
[Thu May 14 16:51:53 2020] Launched impl_1...
Run output will be captured here: /run/media/fnavarro/DATA/Git/6to/Tecnicas_Digitales_IV/Practicos/Trabajo_Practico_1/TP1/TP1.runs/impl_1/runme.log
launch_runs impl_1 -to_step write_bitstream -jobs 8
[Thu May 14 16:53:36 2020] Launched impl_1...
Run output will be captured here: /run/media/fnavarro/DATA/Git/6to/Tecnicas_Digitales_IV/Practicos/Trabajo_Practico_1/TP1/TP1.runs/impl_1/runme.log
open_hw_manager
connect_hw_server -allow_non_jtag
INFO: [Labtools 27-2285] Connecting to hw_server url TCP:localhost:3121
INFO: [Labtools 27-2222] Launching hw_server...
INFO: [Labtools 27-2221] Launch Output:

****** Xilinx hw_server v2019.2.1
  **** Build date : Dec  5 2019 at 05:22:19
    ** Copyright 1986-2019 Xilinx, Inc. All Rights Reserved.


INFO: [Labtools 27-3415] Connecting to cs_server url TCP:localhost:3042
INFO: [Labtools 27-3417] Launching cs_server...
INFO: [Labtools 27-2221] Launch Output:


****** Xilinx cs_server v2019.2.0
  **** Build date : Nov 07 2019-02:41:48
    ** Copyright 2017-2019 Xilinx, Inc. All Rights Reserved.



open_hw_target
INFO: [Labtoolstcl 44-466] Opening hw_target localhost:3121/xilinx_tcf/Digilent/210183A6F9EBA
set_property PROGRAM.FILE {/run/media/fnavarro/DATA/Git/6to/Tecnicas_Digitales_IV/Practicos/Trabajo_Practico_1/TP1/TP1.runs/impl_1/motorcc_cl.bit} [get_hw_devices xc7a35t_0]
current_hw_device [get_hw_devices xc7a35t_0]
refresh_hw_device -update_hw_probes false [lindex [get_hw_devices xc7a35t_0] 0]
INFO: [Labtools 27-1435] Device xc7a35t (JTAG device index = 0) is not programmed (DONE status = 0).
set_property PROBES.FILE {} [get_hw_devices xc7a35t_0]
set_property FULL_PROBES.FILE {} [get_hw_devices xc7a35t_0]
set_property PROGRAM.FILE {/run/media/fnavarro/DATA/Git/6to/Tecnicas_Digitales_IV/Practicos/Trabajo_Practico_1/TP1/TP1.runs/impl_1/motorcc_cl.bit} [get_hw_devices xc7a35t_0]
program_hw_devices [get_hw_devices xc7a35t_0]
INFO: [Labtools 27-3164] End of startup status: HIGH
refresh_hw_device [lindex [get_hw_devices xc7a35t_0] 0]
INFO: [Labtools 27-1434] Device xc7a35t (JTAG device index = 0) is programmed with a design that has no supported debug core(s) in it.
WARNING: [filemgmt 56-199] Attempt to get parsing info during refresh. "On-the-fly" syntax checking information may be incorrect. [/run/media/fnavarro/DATA/Git/6to/Tecnicas_Digitales_IV/Practicos/Trabajo_Practico_1/TP1/TP1.srcs/sources_1/new/pwmg.vhd:]
WARNING: [filemgmt 56-199] Attempt to get parsing info during refresh. "On-the-fly" syntax checking information may be incorrect. [/run/media/fnavarro/DATA/Git/6to/Tecnicas_Digitales_IV/Practicos/Trabajo_Practico_1/TP1/TP1.srcs/sources_1/new/clkdiv.vhd:]
WARNING: [filemgmt 56-199] Attempt to get parsing info during refresh. "On-the-fly" syntax checking information may be incorrect. [/run/media/fnavarro/DATA/Git/6to/Tecnicas_Digitales_IV/Practicos/Trabajo_Practico_1/TP1/TP1.srcs/sources_1/new/motorcc_cl.vhd:]
WARNING: [filemgmt 56-199] Attempt to get parsing info during refresh. "On-the-fly" syntax checking information may be incorrect. [/run/media/fnavarro/DATA/Git/6to/Tecnicas_Digitales_IV/Practicos/Trabajo_Practico_1/TP1/TP1.srcs/sources_1/new/pwmg.vhd:]
WARNING: [filemgmt 56-199] Attempt to get parsing info during refresh. "On-the-fly" syntax checking information may be incorrect. [/run/media/fnavarro/DATA/Git/6to/Tecnicas_Digitales_IV/Practicos/Trabajo_Practico_1/TP1/TP1.srcs/sources_1/new/clkdiv.vhd:]
WARNING: [filemgmt 56-199] Attempt to get parsing info during refresh. "On-the-fly" syntax checking information may be incorrect. [/run/media/fnavarro/DATA/Git/6to/Tecnicas_Digitales_IV/Practicos/Trabajo_Practico_1/TP1/TP1.srcs/sources_1/new/motorcc_cl.vhd:]
reset_run synth_1
launch_runs synth_1 -jobs 8
[Thu May 14 17:04:41 2020] Launched synth_1...
Run output will be captured here: /run/media/fnavarro/DATA/Git/6to/Tecnicas_Digitales_IV/Practicos/Trabajo_Practico_1/TP1/TP1.runs/synth_1/runme.log
launch_runs impl_1 -jobs 8
[Thu May 14 17:06:54 2020] Launched impl_1...
Run output will be captured here: /run/media/fnavarro/DATA/Git/6to/Tecnicas_Digitales_IV/Practicos/Trabajo_Practico_1/TP1/TP1.runs/impl_1/runme.log
launch_runs impl_1 -to_step write_bitstream -jobs 8
[Thu May 14 17:08:37 2020] Launched impl_1...
Run output will be captured here: /run/media/fnavarro/DATA/Git/6to/Tecnicas_Digitales_IV/Practicos/Trabajo_Practico_1/TP1/TP1.runs/impl_1/runme.log
set_property PROBES.FILE {} [get_hw_devices xc7a35t_0]
set_property FULL_PROBES.FILE {} [get_hw_devices xc7a35t_0]
set_property PROGRAM.FILE {/run/media/fnavarro/DATA/Git/6to/Tecnicas_Digitales_IV/Practicos/Trabajo_Practico_1/TP1/TP1.runs/impl_1/motorcc_cl.bit} [get_hw_devices xc7a35t_0]
program_hw_devices [get_hw_devices xc7a35t_0]
INFO: [Labtools 27-3164] End of startup status: HIGH
refresh_hw_device [lindex [get_hw_devices xc7a35t_0] 0]
INFO: [Labtools 27-1434] Device xc7a35t (JTAG device index = 0) is programmed with a design that has no supported debug core(s) in it.
reset_run synth_1
launch_runs impl_1 -jobs 8
[Thu May 14 17:14:12 2020] Launched synth_1...
Run output will be captured here: /run/media/fnavarro/DATA/Git/6to/Tecnicas_Digitales_IV/Practicos/Trabajo_Practico_1/TP1/TP1.runs/synth_1/runme.log
[Thu May 14 17:14:12 2020] Launched impl_1...
Run output will be captured here: /run/media/fnavarro/DATA/Git/6to/Tecnicas_Digitales_IV/Practicos/Trabajo_Practico_1/TP1/TP1.runs/impl_1/runme.log
launch_runs impl_1 -to_step write_bitstream -jobs 8
[Thu May 14 17:17:22 2020] Launched impl_1...
Run output will be captured here: /run/media/fnavarro/DATA/Git/6to/Tecnicas_Digitales_IV/Practicos/Trabajo_Practico_1/TP1/TP1.runs/impl_1/runme.log
set_property PROBES.FILE {} [get_hw_devices xc7a35t_0]
set_property FULL_PROBES.FILE {} [get_hw_devices xc7a35t_0]
set_property PROGRAM.FILE {/run/media/fnavarro/DATA/Git/6to/Tecnicas_Digitales_IV/Practicos/Trabajo_Practico_1/TP1/TP1.runs/impl_1/motorcc_cl.bit} [get_hw_devices xc7a35t_0]
program_hw_devices [get_hw_devices xc7a35t_0]
INFO: [Labtools 27-3164] End of startup status: HIGH
refresh_hw_device [lindex [get_hw_devices xc7a35t_0] 0]
INFO: [Labtools 27-1434] Device xc7a35t (JTAG device index = 0) is programmed with a design that has no supported debug core(s) in it.
reset_run synth_1
launch_runs synth_1 -jobs 8
[Thu May 14 17:25:01 2020] Launched synth_1...
Run output will be captured here: /run/media/fnavarro/DATA/Git/6to/Tecnicas_Digitales_IV/Practicos/Trabajo_Practico_1/TP1/TP1.runs/synth_1/runme.log
launch_runs impl_1 -jobs 8
[Thu May 14 17:26:20 2020] Launched impl_1...
Run output will be captured here: /run/media/fnavarro/DATA/Git/6to/Tecnicas_Digitales_IV/Practicos/Trabajo_Practico_1/TP1/TP1.runs/impl_1/runme.log
launch_runs impl_1 -to_step write_bitstream -jobs 8
[Thu May 14 17:28:12 2020] Launched impl_1...
Run output will be captured here: /run/media/fnavarro/DATA/Git/6to/Tecnicas_Digitales_IV/Practicos/Trabajo_Practico_1/TP1/TP1.runs/impl_1/runme.log
set_property PROBES.FILE {} [get_hw_devices xc7a35t_0]
set_property FULL_PROBES.FILE {} [get_hw_devices xc7a35t_0]
set_property PROGRAM.FILE {/run/media/fnavarro/DATA/Git/6to/Tecnicas_Digitales_IV/Practicos/Trabajo_Practico_1/TP1/TP1.runs/impl_1/motorcc_cl.bit} [get_hw_devices xc7a35t_0]
program_hw_devices [get_hw_devices xc7a35t_0]
INFO: [Labtools 27-3164] End of startup status: HIGH
refresh_hw_device [lindex [get_hw_devices xc7a35t_0] 0]
INFO: [Labtools 27-1434] Device xc7a35t (JTAG device index = 0) is programmed with a design that has no supported debug core(s) in it.
reset_run synth_1
launch_runs impl_1 -jobs 8
[Thu May 14 17:30:18 2020] Launched synth_1...
Run output will be captured here: /run/media/fnavarro/DATA/Git/6to/Tecnicas_Digitales_IV/Practicos/Trabajo_Practico_1/TP1/TP1.runs/synth_1/runme.log
[Thu May 14 17:30:18 2020] Launched impl_1...
Run output will be captured here: /run/media/fnavarro/DATA/Git/6to/Tecnicas_Digitales_IV/Practicos/Trabajo_Practico_1/TP1/TP1.runs/impl_1/runme.log
reset_run synth_1
launch_runs impl_1 -jobs 8
[Thu May 14 17:33:12 2020] Launched synth_1...
Run output will be captured here: /run/media/fnavarro/DATA/Git/6to/Tecnicas_Digitales_IV/Practicos/Trabajo_Practico_1/TP1/TP1.runs/synth_1/runme.log
[Thu May 14 17:33:12 2020] Launched impl_1...
Run output will be captured here: /run/media/fnavarro/DATA/Git/6to/Tecnicas_Digitales_IV/Practicos/Trabajo_Practico_1/TP1/TP1.runs/impl_1/runme.log
launch_runs impl_1 -to_step write_bitstream -jobs 8
[Thu May 14 17:36:36 2020] Launched impl_1...
Run output will be captured here: /run/media/fnavarro/DATA/Git/6to/Tecnicas_Digitales_IV/Practicos/Trabajo_Practico_1/TP1/TP1.runs/impl_1/runme.log
set_property PROBES.FILE {} [get_hw_devices xc7a35t_0]
set_property FULL_PROBES.FILE {} [get_hw_devices xc7a35t_0]
set_property PROGRAM.FILE {/run/media/fnavarro/DATA/Git/6to/Tecnicas_Digitales_IV/Practicos/Trabajo_Practico_1/TP1/TP1.runs/impl_1/motorcc_cl.bit} [get_hw_devices xc7a35t_0]
program_hw_devices [get_hw_devices xc7a35t_0]
INFO: [Labtools 27-3164] End of startup status: HIGH
refresh_hw_device [lindex [get_hw_devices xc7a35t_0] 0]
INFO: [Labtools 27-1434] Device xc7a35t (JTAG device index = 0) is programmed with a design that has no supported debug core(s) in it.
reset_run synth_1
launch_runs synth_1 -jobs 8
[Thu May 14 17:44:33 2020] Launched synth_1...
Run output will be captured here: /run/media/fnavarro/DATA/Git/6to/Tecnicas_Digitales_IV/Practicos/Trabajo_Practico_1/TP1/TP1.runs/synth_1/runme.log
reset_run synth_1
launch_runs synth_1 -jobs 8
[Thu May 14 17:47:27 2020] Launched synth_1...
Run output will be captured here: /run/media/fnavarro/DATA/Git/6to/Tecnicas_Digitales_IV/Practicos/Trabajo_Practico_1/TP1/TP1.runs/synth_1/runme.log
launch_runs impl_1 -jobs 8
[Thu May 14 17:50:22 2020] Launched impl_1...
Run output will be captured here: /run/media/fnavarro/DATA/Git/6to/Tecnicas_Digitales_IV/Practicos/Trabajo_Practico_1/TP1/TP1.runs/impl_1/runme.log
launch_runs impl_1 -to_step write_bitstream -jobs 8
[Thu May 14 17:51:46 2020] Launched impl_1...
Run output will be captured here: /run/media/fnavarro/DATA/Git/6to/Tecnicas_Digitales_IV/Practicos/Trabajo_Practico_1/TP1/TP1.runs/impl_1/runme.log
set_property PROBES.FILE {} [get_hw_devices xc7a35t_0]
set_property FULL_PROBES.FILE {} [get_hw_devices xc7a35t_0]
set_property PROGRAM.FILE {/run/media/fnavarro/DATA/Git/6to/Tecnicas_Digitales_IV/Practicos/Trabajo_Practico_1/TP1/TP1.runs/impl_1/motorcc_cl.bit} [get_hw_devices xc7a35t_0]
program_hw_devices [get_hw_devices xc7a35t_0]
INFO: [Labtools 27-3164] End of startup status: HIGH
refresh_hw_device [lindex [get_hw_devices xc7a35t_0] 0]
INFO: [Labtools 27-1434] Device xc7a35t (JTAG device index = 0) is programmed with a design that has no supported debug core(s) in it.
reset_run synth_1
launch_runs synth_1 -jobs 8
[Thu May 14 17:58:10 2020] Launched synth_1...
Run output will be captured here: /run/media/fnavarro/DATA/Git/6to/Tecnicas_Digitales_IV/Practicos/Trabajo_Practico_1/TP1/TP1.runs/synth_1/runme.log
launch_runs impl_1 -jobs 8
[Thu May 14 18:00:09 2020] Launched impl_1...
Run output will be captured here: /run/media/fnavarro/DATA/Git/6to/Tecnicas_Digitales_IV/Practicos/Trabajo_Practico_1/TP1/TP1.runs/impl_1/runme.log
launch_runs impl_1 -to_step write_bitstream -jobs 8
[Thu May 14 18:02:28 2020] Launched impl_1...
Run output will be captured here: /run/media/fnavarro/DATA/Git/6to/Tecnicas_Digitales_IV/Practicos/Trabajo_Practico_1/TP1/TP1.runs/impl_1/runme.log
set_property PROBES.FILE {} [get_hw_devices xc7a35t_0]
set_property FULL_PROBES.FILE {} [get_hw_devices xc7a35t_0]
set_property PROGRAM.FILE {/run/media/fnavarro/DATA/Git/6to/Tecnicas_Digitales_IV/Practicos/Trabajo_Practico_1/TP1/TP1.runs/impl_1/motorcc_cl.bit} [get_hw_devices xc7a35t_0]
program_hw_devices [get_hw_devices xc7a35t_0]
INFO: [Labtools 27-3164] End of startup status: HIGH
refresh_hw_device [lindex [get_hw_devices xc7a35t_0] 0]
INFO: [Labtools 27-1434] Device xc7a35t (JTAG device index = 0) is programmed with a design that has no supported debug core(s) in it.
reset_run synth_1
launch_runs impl_1 -jobs 8
[Thu May 14 18:35:09 2020] Launched synth_1...
Run output will be captured here: /run/media/fnavarro/DATA/Git/6to/Tecnicas_Digitales_IV/Practicos/Trabajo_Practico_1/TP1/TP1.runs/synth_1/runme.log
[Thu May 14 18:35:09 2020] Launched impl_1...
Run output will be captured here: /run/media/fnavarro/DATA/Git/6to/Tecnicas_Digitales_IV/Practicos/Trabajo_Practico_1/TP1/TP1.runs/impl_1/runme.log
reset_run synth_1
launch_runs impl_1 -jobs 8
[Thu May 14 18:40:05 2020] Launched synth_1...
Run output will be captured here: /run/media/fnavarro/DATA/Git/6to/Tecnicas_Digitales_IV/Practicos/Trabajo_Practico_1/TP1/TP1.runs/synth_1/runme.log
[Thu May 14 18:40:05 2020] Launched impl_1...
Run output will be captured here: /run/media/fnavarro/DATA/Git/6to/Tecnicas_Digitales_IV/Practicos/Trabajo_Practico_1/TP1/TP1.runs/impl_1/runme.log
update_compile_order -fileset sources_1
update_compile_order -fileset sources_1
reset_run synth_1
launch_runs impl_1 -jobs 8
[Thu May 14 18:45:25 2020] Launched synth_1...
Run output will be captured here: /run/media/fnavarro/DATA/Git/6to/Tecnicas_Digitales_IV/Practicos/Trabajo_Practico_1/TP1/TP1.runs/synth_1/runme.log
[Thu May 14 18:45:25 2020] Launched impl_1...
Run output will be captured here: /run/media/fnavarro/DATA/Git/6to/Tecnicas_Digitales_IV/Practicos/Trabajo_Practico_1/TP1/TP1.runs/impl_1/runme.log
WARNING: [filemgmt 56-199] Attempt to get parsing info during refresh. "On-the-fly" syntax checking information may be incorrect. [/run/media/fnavarro/DATA/Git/6to/Tecnicas_Digitales_IV/Practicos/Trabajo_Practico_1/TP1/TP1.srcs/sources_1/new/pwmg.vhd:]
WARNING: [filemgmt 56-199] Attempt to get parsing info during refresh. "On-the-fly" syntax checking information may be incorrect. [/run/media/fnavarro/DATA/Git/6to/Tecnicas_Digitales_IV/Practicos/Trabajo_Practico_1/TP1/TP1.srcs/sources_1/new/disp_mux.vhd:]
WARNING: [filemgmt 56-199] Attempt to get parsing info during refresh. "On-the-fly" syntax checking information may be incorrect. [/run/media/fnavarro/DATA/Git/6to/Tecnicas_Digitales_IV/Practicos/Trabajo_Practico_1/TP1/TP1.srcs/sources_1/new/bin2sseg.vhd:]
WARNING: [filemgmt 56-199] Attempt to get parsing info during refresh. "On-the-fly" syntax checking information may be incorrect. [/run/media/fnavarro/DATA/Git/6to/Tecnicas_Digitales_IV/Practicos/Trabajo_Practico_1/TP1/TP1.srcs/sources_1/new/up_down_counter.vhd:]
WARNING: [filemgmt 56-199] Attempt to get parsing info during refresh. "On-the-fly" syntax checking information may be incorrect. [/run/media/fnavarro/DATA/Git/6to/Tecnicas_Digitales_IV/Practicos/Trabajo_Practico_1/TP1/TP1.srcs/sources_1/new/clkdiv.vhd:]
WARNING: [filemgmt 56-199] Attempt to get parsing info during refresh. "On-the-fly" syntax checking information may be incorrect. [/run/media/fnavarro/DATA/Git/6to/Tecnicas_Digitales_IV/Practicos/Trabajo_Practico_1/TP1/TP1.srcs/sources_1/new/motorcc_cl.vhd:]
reset_run synth_1
launch_runs impl_1 -jobs 8
[Thu May 14 18:47:30 2020] Launched synth_1...
Run output will be captured here: /run/media/fnavarro/DATA/Git/6to/Tecnicas_Digitales_IV/Practicos/Trabajo_Practico_1/TP1/TP1.runs/synth_1/runme.log
[Thu May 14 18:47:30 2020] Launched impl_1...
Run output will be captured here: /run/media/fnavarro/DATA/Git/6to/Tecnicas_Digitales_IV/Practicos/Trabajo_Practico_1/TP1/TP1.runs/impl_1/runme.log
reset_run synth_1
launch_runs synth_1 -jobs 8
[Thu May 14 18:48:57 2020] Launched synth_1...
Run output will be captured here: /run/media/fnavarro/DATA/Git/6to/Tecnicas_Digitales_IV/Practicos/Trabajo_Practico_1/TP1/TP1.runs/synth_1/runme.log
launch_runs impl_1 -jobs 8
[Thu May 14 18:50:19 2020] Launched impl_1...
Run output will be captured here: /run/media/fnavarro/DATA/Git/6to/Tecnicas_Digitales_IV/Practicos/Trabajo_Practico_1/TP1/TP1.runs/impl_1/runme.log
launch_runs impl_1 -to_step write_bitstream -jobs 8
[Thu May 14 18:52:22 2020] Launched impl_1...
Run output will be captured here: /run/media/fnavarro/DATA/Git/6to/Tecnicas_Digitales_IV/Practicos/Trabajo_Practico_1/TP1/TP1.runs/impl_1/runme.log
set_property PROBES.FILE {} [get_hw_devices xc7a35t_0]
set_property FULL_PROBES.FILE {} [get_hw_devices xc7a35t_0]
set_property PROGRAM.FILE {/run/media/fnavarro/DATA/Git/6to/Tecnicas_Digitales_IV/Practicos/Trabajo_Practico_1/TP1/TP1.runs/impl_1/motorcc_cl.bit} [get_hw_devices xc7a35t_0]
program_hw_devices [get_hw_devices xc7a35t_0]
INFO: [Labtools 27-3164] End of startup status: HIGH
refresh_hw_device [lindex [get_hw_devices xc7a35t_0] 0]
INFO: [Labtools 27-1434] Device xc7a35t (JTAG device index = 0) is programmed with a design that has no supported debug core(s) in it.
reset_run synth_1
launch_runs impl_1 -jobs 8
[Thu May 14 18:56:37 2020] Launched synth_1...
Run output will be captured here: /run/media/fnavarro/DATA/Git/6to/Tecnicas_Digitales_IV/Practicos/Trabajo_Practico_1/TP1/TP1.runs/synth_1/runme.log
[Thu May 14 18:56:37 2020] Launched impl_1...
Run output will be captured here: /run/media/fnavarro/DATA/Git/6to/Tecnicas_Digitales_IV/Practicos/Trabajo_Practico_1/TP1/TP1.runs/impl_1/runme.log
launch_runs impl_1 -to_step write_bitstream -jobs 8
[Thu May 14 18:59:32 2020] Launched impl_1...
Run output will be captured here: /run/media/fnavarro/DATA/Git/6to/Tecnicas_Digitales_IV/Practicos/Trabajo_Practico_1/TP1/TP1.runs/impl_1/runme.log
set_property PROBES.FILE {} [get_hw_devices xc7a35t_0]
set_property FULL_PROBES.FILE {} [get_hw_devices xc7a35t_0]
set_property PROGRAM.FILE {/run/media/fnavarro/DATA/Git/6to/Tecnicas_Digitales_IV/Practicos/Trabajo_Practico_1/TP1/TP1.runs/impl_1/motorcc_cl.bit} [get_hw_devices xc7a35t_0]
program_hw_devices [get_hw_devices xc7a35t_0]
INFO: [Labtools 27-3164] End of startup status: HIGH
refresh_hw_device [lindex [get_hw_devices xc7a35t_0] 0]
INFO: [Labtools 27-1434] Device xc7a35t (JTAG device index = 0) is programmed with a design that has no supported debug core(s) in it.
set_property PROBES.FILE {} [get_hw_devices xc7a35t_0]
set_property FULL_PROBES.FILE {} [get_hw_devices xc7a35t_0]
set_property PROGRAM.FILE {/run/media/fnavarro/DATA/Git/6to/Tecnicas_Digitales_IV/Practicos/Trabajo_Practico_1/TP1/TP1.runs/impl_1/motorcc_cl.bit} [get_hw_devices xc7a35t_0]
program_hw_devices [get_hw_devices xc7a35t_0]
INFO: [Labtools 27-3164] End of startup status: HIGH
refresh_hw_device [lindex [get_hw_devices xc7a35t_0] 0]
INFO: [Labtools 27-1434] Device xc7a35t (JTAG device index = 0) is programmed with a design that has no supported debug core(s) in it.
reset_run synth_1
launch_runs synth_1 -jobs 8
[Thu May 14 21:38:55 2020] Launched synth_1...
Run output will be captured here: /run/media/fnavarro/DATA/Git/6to/Tecnicas_Digitales_IV/Practicos/Trabajo_Practico_1/TP1/TP1.runs/synth_1/runme.log
launch_runs impl_1 -jobs 8
[Thu May 14 21:40:54 2020] Launched impl_1...
Run output will be captured here: /run/media/fnavarro/DATA/Git/6to/Tecnicas_Digitales_IV/Practicos/Trabajo_Practico_1/TP1/TP1.runs/impl_1/runme.log
launch_runs impl_1 -to_step write_bitstream -jobs 8
[Thu May 14 21:42:50 2020] Launched impl_1...
Run output will be captured here: /run/media/fnavarro/DATA/Git/6to/Tecnicas_Digitales_IV/Practicos/Trabajo_Practico_1/TP1/TP1.runs/impl_1/runme.log
set_property PROBES.FILE {} [get_hw_devices xc7a35t_0]
set_property FULL_PROBES.FILE {} [get_hw_devices xc7a35t_0]
set_property PROGRAM.FILE {/run/media/fnavarro/DATA/Git/6to/Tecnicas_Digitales_IV/Practicos/Trabajo_Practico_1/TP1/TP1.runs/impl_1/motorcc_cl.bit} [get_hw_devices xc7a35t_0]
program_hw_devices [get_hw_devices xc7a35t_0]
INFO: [Labtools 27-3164] End of startup status: HIGH
refresh_hw_device [lindex [get_hw_devices xc7a35t_0] 0]
INFO: [Labtools 27-1434] Device xc7a35t (JTAG device index = 0) is programmed with a design that has no supported debug core(s) in it.
reset_run synth_1
launch_runs impl_1 -jobs 8
[Thu May 14 21:46:00 2020] Launched synth_1...
Run output will be captured here: /run/media/fnavarro/DATA/Git/6to/Tecnicas_Digitales_IV/Practicos/Trabajo_Practico_1/TP1/TP1.runs/synth_1/runme.log
[Thu May 14 21:46:00 2020] Launched impl_1...
Run output will be captured here: /run/media/fnavarro/DATA/Git/6to/Tecnicas_Digitales_IV/Practicos/Trabajo_Practico_1/TP1/TP1.runs/impl_1/runme.log
reset_run synth_1
launch_runs synth_1 -jobs 8
[Thu May 14 21:54:03 2020] Launched synth_1...
Run output will be captured here: /run/media/fnavarro/DATA/Git/6to/Tecnicas_Digitales_IV/Practicos/Trabajo_Practico_1/TP1/TP1.runs/synth_1/runme.log
launch_runs impl_1 -jobs 8
[Thu May 14 21:55:55 2020] Launched impl_1...
Run output will be captured here: /run/media/fnavarro/DATA/Git/6to/Tecnicas_Digitales_IV/Practicos/Trabajo_Practico_1/TP1/TP1.runs/impl_1/runme.log
launch_runs impl_1 -to_step write_bitstream -jobs 8
[Thu May 14 21:57:26 2020] Launched impl_1...
Run output will be captured here: /run/media/fnavarro/DATA/Git/6to/Tecnicas_Digitales_IV/Practicos/Trabajo_Practico_1/TP1/TP1.runs/impl_1/runme.log
set_property PROBES.FILE {} [get_hw_devices xc7a35t_0]
set_property FULL_PROBES.FILE {} [get_hw_devices xc7a35t_0]
set_property PROGRAM.FILE {/run/media/fnavarro/DATA/Git/6to/Tecnicas_Digitales_IV/Practicos/Trabajo_Practico_1/TP1/TP1.runs/impl_1/motorcc_cl.bit} [get_hw_devices xc7a35t_0]
program_hw_devices [get_hw_devices xc7a35t_0]
INFO: [Labtools 27-3164] End of startup status: HIGH
refresh_hw_device [lindex [get_hw_devices xc7a35t_0] 0]
INFO: [Labtools 27-1434] Device xc7a35t (JTAG device index = 0) is programmed with a design that has no supported debug core(s) in it.
close_sim
INFO: [Simtcl 6-16] Simulation closed
exit
INFO: [Common 17-206] Exiting Vivado at Fri May 15 00:31:18 2020...
